2022-09-08 08:46:53,039 - aqt.main - INFO - installer 140041852936192 aqtinstall(aqt) v2.1.0 on Python 3.10.4 [CPython GCC 11.2.0]
2022-09-08 08:46:53,039 - aqt.main - WARNING - installer 140041852936192 Specified Qt version is unknown: 6.3.1.
2022-09-08 08:46:53,039 - aqt.helper - DEBUG - helper 140041852936192 Attempt to download checksum at https://download.qt.io/online/qtsdkrepository/linux_x64/desktop/qt6_631/Updates.xml.sha256
2022-09-08 08:46:53,520 - aqt.helper - DEBUG - helper 140016001576960 Attempt to download checksum at https://download.qt.io/online/qtsdkrepository/linux_x64/desktop/qt6_631/qt.qt6.631.addons.qtwebsockets.gcc_64/6.3.1-0-202206090324qtwebsockets-Linux-RHEL_8_4-GCC-Linux-RHEL_8_4-X86_64.7z.sha256
2022-09-08 08:46:53,520 - aqt.helper - DEBUG - helper 140635720523776 Attempt to download checksum at https://download.qt.io/online/qtsdkrepository/linux_x64/desktop/qt6_631/qt.qt6.631.gcc_64/6.3.1-0-202206090324qtbase-Linux-RHEL_8_4-GCC-Linux-RHEL_8_4-X86_64.7z.sha256
2022-09-08 08:46:53,526 - aqt.helper - DEBUG - helper 140673996382208 Attempt to download checksum at https://download.qt.io/online/qtsdkrepository/linux_x64/desktop/qt6_631/qt.qt6.631.gcc_64/6.3.1-0-202206090324qtsvg-Linux-RHEL_8_4-GCC-Linux-RHEL_8_4-X86_64.7z.sha256
2022-09-08 08:46:53,526 - aqt.helper - DEBUG - helper 139817280729088 Attempt to download checksum at https://download.qt.io/online/qtsdkrepository/linux_x64/desktop/qt6_631/qt.qt6.631.gcc_64/6.3.1-0-202206090324qtdeclarative-Linux-RHEL_8_4-GCC-Linux-RHEL_8_4-X86_64.7z.sha256
2022-09-08 08:46:53,665 - aqt.helper - INFO - helper 139817280729088 Downloading qtdeclarative...
2022-09-08 08:46:53,666 - aqt.helper - INFO - helper 140016001576960 Downloading qtwebsockets...
2022-09-08 08:46:53,666 - aqt.helper - INFO - helper 140635720523776 Downloading qtbase...
2022-09-08 08:46:53,666 - aqt.installer - DEBUG - installer 139817280729088 Download URL: https://download.qt.io/online/qtsdkrepository/linux_x64/desktop/qt6_631/qt.qt6.631.gcc_64/6.3.1-0-202206090324qtdeclarative-Linux-RHEL_8_4-GCC-Linux-RHEL_8_4-X86_64.7z
2022-09-08 08:46:53,670 - aqt.helper - INFO - helper 140673996382208 Downloading qtsvg...
2022-09-08 08:46:53,667 - aqt.installer - DEBUG - installer 140635720523776 Download URL: https://download.qt.io/online/qtsdkrepository/linux_x64/desktop/qt6_631/qt.qt6.631.gcc_64/6.3.1-0-202206090324qtbase-Linux-RHEL_8_4-GCC-Linux-RHEL_8_4-X86_64.7z
2022-09-08 08:46:53,667 - aqt.installer - DEBUG - installer 140016001576960 Download URL: https://download.qt.io/online/qtsdkrepository/linux_x64/desktop/qt6_631/qt.qt6.631.addons.qtwebsockets.gcc_64/6.3.1-0-202206090324qtwebsockets-Linux-RHEL_8_4-GCC-Linux-RHEL_8_4-X86_64.7z
2022-09-08 08:46:53,670 - aqt.installer - DEBUG - installer 140673996382208 Download URL: https://download.qt.io/online/qtsdkrepository/linux_x64/desktop/qt6_631/qt.qt6.631.gcc_64/6.3.1-0-202206090324qtsvg-Linux-RHEL_8_4-GCC-Linux-RHEL_8_4-X86_64.7z
2022-09-08 08:46:53,817 - aqt.helper - DEBUG - helper 139817280729088 Asked to redirect(302) to: https://mirrors.dotsrc.org/qtproject/online/qtsdkrepository/linux_x64/desktop/qt6_631/qt.qt6.631.gcc_64/6.3.1-0-202206090324qtdeclarative-Linux-RHEL_8_4-GCC-Linux-RHEL_8_4-X86_64.7z
2022-09-08 08:46:53,817 - aqt.helper - DEBUG - helper 140635720523776 Asked to redirect(302) to: https://mirrors.dotsrc.org/qtproject/online/qtsdkrepository/linux_x64/desktop/qt6_631/qt.qt6.631.gcc_64/6.3.1-0-202206090324qtbase-Linux-RHEL_8_4-GCC-Linux-RHEL_8_4-X86_64.7z
2022-09-08 08:46:53,817 - aqt.helper - INFO - helper 139817280729088 Redirected: mirrors.dotsrc.org
2022-09-08 08:46:53,817 - aqt.helper - INFO - helper 140635720523776 Redirected: mirrors.dotsrc.org
2022-09-08 08:46:53,822 - aqt.helper - DEBUG - helper 140016001576960 Asked to redirect(302) to: https://mirrors.dotsrc.org/qtproject/online/qtsdkrepository/linux_x64/desktop/qt6_631/qt.qt6.631.addons.qtwebsockets.gcc_64/6.3.1-0-202206090324qtwebsockets-Linux-RHEL_8_4-GCC-Linux-RHEL_8_4-X86_64.7z
2022-09-08 08:46:53,822 - aqt.helper - INFO - helper 140016001576960 Redirected: mirrors.dotsrc.org
2022-09-08 08:46:53,823 - aqt.helper - DEBUG - helper 140673996382208 Asked to redirect(302) to: https://mirrors.dotsrc.org/qtproject/online/qtsdkrepository/linux_x64/desktop/qt6_631/qt.qt6.631.gcc_64/6.3.1-0-202206090324qtsvg-Linux-RHEL_8_4-GCC-Linux-RHEL_8_4-X86_64.7z
2022-09-08 08:46:53,823 - aqt.helper - INFO - helper 140673996382208 Redirected: mirrors.dotsrc.org
2022-09-08 08:46:54,003 - aqt.installer - INFO - installer 140016001576960 Finished installation of qtwebsockets-Linux-RHEL_8_4-GCC-Linux-RHEL_8_4-X86_64.7z in 0.48483931
2022-09-08 08:46:54,010 - aqt.helper - DEBUG - helper 140016001576960 Attempt to download checksum at https://download.qt.io/online/qtsdkrepository/linux_x64/desktop/qt6_631/qt.qt6.631.gcc_64/6.3.1-0-202206090324qttools-Linux-RHEL_8_4-GCC-Linux-RHEL_8_4-X86_64.7z.sha256
2022-09-08 08:46:54,034 - aqt.installer - INFO - installer 140673996382208 Finished installation of qtsvg-Linux-RHEL_8_4-GCC-Linux-RHEL_8_4-X86_64.7z in 0.50926840
2022-09-08 08:46:54,040 - aqt.helper - DEBUG - helper 140673996382208 Attempt to download checksum at https://download.qt.io/online/qtsdkrepository/linux_x64/desktop/qt6_631/qt.qt6.631.gcc_64/6.3.1-0-202206090324qttranslations-Linux-RHEL_8_4-GCC-Linux-RHEL_8_4-X86_64.7z.sha256
2022-09-08 08:46:54,150 - aqt.helper - INFO - helper 140016001576960 Downloading qttools...
2022-09-08 08:46:54,150 - aqt.installer - DEBUG - installer 140016001576960 Download URL: https://download.qt.io/online/qtsdkrepository/linux_x64/desktop/qt6_631/qt.qt6.631.gcc_64/6.3.1-0-202206090324qttools-Linux-RHEL_8_4-GCC-Linux-RHEL_8_4-X86_64.7z
2022-09-08 08:46:54,183 - aqt.helper - INFO - helper 140673996382208 Downloading qttranslations...
2022-09-08 08:46:54,183 - aqt.installer - DEBUG - installer 140673996382208 Download URL: https://download.qt.io/online/qtsdkrepository/linux_x64/desktop/qt6_631/qt.qt6.631.gcc_64/6.3.1-0-202206090324qttranslations-Linux-RHEL_8_4-GCC-Linux-RHEL_8_4-X86_64.7z
2022-09-08 08:46:54,300 - aqt.helper - DEBUG - helper 140016001576960 Asked to redirect(302) to: https://mirrors.dotsrc.org/qtproject/online/qtsdkrepository/linux_x64/desktop/qt6_631/qt.qt6.631.gcc_64/6.3.1-0-202206090324qttools-Linux-RHEL_8_4-GCC-Linux-RHEL_8_4-X86_64.7z
2022-09-08 08:46:54,300 - aqt.helper - INFO - helper 140016001576960 Redirected: mirrors.dotsrc.org
2022-09-08 08:46:54,331 - aqt.helper - DEBUG - helper 140673996382208 Asked to redirect(302) to: https://mirrors.dotsrc.org/qtproject/online/qtsdkrepository/linux_x64/desktop/qt6_631/qt.qt6.631.gcc_64/6.3.1-0-202206090324qttranslations-Linux-RHEL_8_4-GCC-Linux-RHEL_8_4-X86_64.7z
2022-09-08 08:46:54,331 - aqt.helper - INFO - helper 140673996382208 Redirected: mirrors.dotsrc.org
2022-09-08 08:46:54,691 - aqt.installer - INFO - installer 140673996382208 Finished installation of qttranslations-Linux-RHEL_8_4-GCC-Linux-RHEL_8_4-X86_64.7z in 0.65257421
2022-09-08 08:46:54,697 - aqt.helper - DEBUG - helper 140673996382208 Attempt to download checksum at https://download.qt.io/online/qtsdkrepository/linux_x64/desktop/qt6_631/qt.qt6.631.gcc_64/6.3.1-0-202206090324qtwayland-Linux-RHEL_8_4-GCC-Linux-RHEL_8_4-X86_64.7z.sha256
2022-09-08 08:46:54,836 - aqt.helper - INFO - helper 140673996382208 Downloading qtwayland...
2022-09-08 08:46:54,836 - aqt.installer - DEBUG - installer 140673996382208 Download URL: https://download.qt.io/online/qtsdkrepository/linux_x64/desktop/qt6_631/qt.qt6.631.gcc_64/6.3.1-0-202206090324qtwayland-Linux-RHEL_8_4-GCC-Linux-RHEL_8_4-X86_64.7z
2022-09-08 08:46:54,976 - aqt.helper - DEBUG - helper 140673996382208 Asked to redirect(302) to: https://mirrors.dotsrc.org/qtproject/online/qtsdkrepository/linux_x64/desktop/qt6_631/qt.qt6.631.gcc_64/6.3.1-0-202206090324qtwayland-Linux-RHEL_8_4-GCC-Linux-RHEL_8_4-X86_64.7z
2022-09-08 08:46:54,976 - aqt.helper - INFO - helper 140673996382208 Redirected: mirrors.dotsrc.org
2022-09-08 08:46:55,218 - aqt.installer - INFO - installer 140673996382208 Finished installation of qtwayland-Linux-RHEL_8_4-GCC-Linux-RHEL_8_4-X86_64.7z in 0.52212529
2022-09-08 08:46:55,227 - aqt.helper - DEBUG - helper 140673996382208 Attempt to download checksum at https://download.qt.io/online/qtsdkrepository/linux_x64/desktop/qt6_631/qt.qt6.631.gcc_64/6.3.1-0-202206090324icu-linux-Rhel7.2-x64.7z.sha256
2022-09-08 08:46:55,372 - aqt.helper - INFO - helper 140673996382208 Downloading icu...
2022-09-08 08:46:55,373 - aqt.installer - DEBUG - installer 140673996382208 Download URL: https://download.qt.io/online/qtsdkrepository/linux_x64/desktop/qt6_631/qt.qt6.631.gcc_64/6.3.1-0-202206090324icu-linux-Rhel7.2-x64.7z
2022-09-08 08:46:55,513 - aqt.helper - DEBUG - helper 140673996382208 Asked to redirect(302) to: https://mirrors.dotsrc.org/qtproject/online/qtsdkrepository/linux_x64/desktop/qt6_631/qt.qt6.631.gcc_64/6.3.1-0-202206090324icu-linux-Rhel7.2-x64.7z
2022-09-08 08:46:55,513 - aqt.helper - INFO - helper 140673996382208 Redirected: mirrors.dotsrc.org
2022-09-08 08:46:55,897 - aqt.installer - INFO - installer 140635720523776 Finished installation of qtbase-Linux-RHEL_8_4-GCC-Linux-RHEL_8_4-X86_64.7z in 2.37790088
2022-09-08 08:46:55,905 - aqt.helper - DEBUG - helper 140635720523776 Attempt to download checksum at https://download.qt.io/online/qtsdkrepository/linux_x64/desktop/qt6_631/qt.qt6.631.qt5compat.gcc_64/6.3.1-0-202206090324qt5compat-Linux-RHEL_8_4-GCC-Linux-RHEL_8_4-X86_64.7z.sha256
2022-09-08 08:46:56,054 - aqt.helper - INFO - helper 140635720523776 Downloading qt5compat...
2022-09-08 08:46:56,054 - aqt.installer - DEBUG - installer 140635720523776 Download URL: https://download.qt.io/online/qtsdkrepository/linux_x64/desktop/qt6_631/qt.qt6.631.qt5compat.gcc_64/6.3.1-0-202206090324qt5compat-Linux-RHEL_8_4-GCC-Linux-RHEL_8_4-X86_64.7z
2022-09-08 08:46:56,191 - aqt.helper - DEBUG - helper 140635720523776 Asked to redirect(302) to: https://mirrors.dotsrc.org/qtproject/online/qtsdkrepository/linux_x64/desktop/qt6_631/qt.qt6.631.qt5compat.gcc_64/6.3.1-0-202206090324qt5compat-Linux-RHEL_8_4-GCC-Linux-RHEL_8_4-X86_64.7z
2022-09-08 08:46:56,191 - aqt.helper - INFO - helper 140635720523776 Redirected: mirrors.dotsrc.org
2022-09-08 08:46:56,402 - aqt.installer - INFO - installer 140635720523776 Finished installation of qt5compat-Linux-RHEL_8_4-GCC-Linux-RHEL_8_4-X86_64.7z in 0.49740699
2022-09-08 08:46:56,607 - aqt.installer - INFO - installer 140673996382208 Finished installation of icu-linux-Rhel7.2-x64.7z in 1.38203189
2022-09-08 08:46:56,920 - aqt.installer - INFO - installer 140016001576960 Finished installation of qttools-Linux-RHEL_8_4-GCC-Linux-RHEL_8_4-X86_64.7z in 2.91181439
2022-09-08 08:46:59,704 - aqt.installer - INFO - installer 139817280729088 Finished installation of qtdeclarative-Linux-RHEL_8_4-GCC-Linux-RHEL_8_4-X86_64.7z in 6.17873015
2022-09-08 08:46:59,749 - aqt.updater - INFO - updater 140041852936192 Patching /home/fisker/opt/spacecreatorenv6/Qt/6.3.1/gcc_64/bin/qmake
2022-09-08 08:46:59,752 - aqt.updater - INFO - updater 140041852936192 Patching /home/fisker/opt/spacecreatorenv6/Qt/6.3.1/gcc_64/lib/pkgconfig/Qt6QuickDialogs2.pc
2022-09-08 08:46:59,752 - aqt.updater - INFO - updater 140041852936192 Patching /home/fisker/opt/spacecreatorenv6/Qt/6.3.1/gcc_64/lib/pkgconfig/Qt6Gui.pc
2022-09-08 08:46:59,753 - aqt.updater - INFO - updater 140041852936192 Patching /home/fisker/opt/spacecreatorenv6/Qt/6.3.1/gcc_64/lib/pkgconfig/Qt6QuickControls2.pc
2022-09-08 08:46:59,753 - aqt.updater - INFO - updater 140041852936192 Patching /home/fisker/opt/spacecreatorenv6/Qt/6.3.1/gcc_64/lib/pkgconfig/Qt6QmlCore.pc
2022-09-08 08:46:59,753 - aqt.updater - INFO - updater 140041852936192 Patching /home/fisker/opt/spacecreatorenv6/Qt/6.3.1/gcc_64/lib/pkgconfig/Qt6Core5Compat.pc
2022-09-08 08:46:59,753 - aqt.updater - INFO - updater 140041852936192 Patching /home/fisker/opt/spacecreatorenv6/Qt/6.3.1/gcc_64/lib/pkgconfig/Qt6PrintSupport.pc
2022-09-08 08:46:59,753 - aqt.updater - INFO - updater 140041852936192 Patching /home/fisker/opt/spacecreatorenv6/Qt/6.3.1/gcc_64/lib/pkgconfig/Qt6LabsQmlModels.pc
2022-09-08 08:46:59,753 - aqt.updater - INFO - updater 140041852936192 Patching /home/fisker/opt/spacecreatorenv6/Qt/6.3.1/gcc_64/lib/pkgconfig/Qt6Designer.pc
2022-09-08 08:46:59,754 - aqt.updater - INFO - updater 140041852936192 Patching /home/fisker/opt/spacecreatorenv6/Qt/6.3.1/gcc_64/lib/pkgconfig/Qt6UiPlugin.pc
2022-09-08 08:46:59,754 - aqt.updater - INFO - updater 140041852936192 Patching /home/fisker/opt/spacecreatorenv6/Qt/6.3.1/gcc_64/lib/pkgconfig/Qt6Test.pc
2022-09-08 08:46:59,754 - aqt.updater - INFO - updater 140041852936192 Patching /home/fisker/opt/spacecreatorenv6/Qt/6.3.1/gcc_64/lib/pkgconfig/Qt6Core.pc
2022-09-08 08:46:59,754 - aqt.updater - INFO - updater 140041852936192 Patching /home/fisker/opt/spacecreatorenv6/Qt/6.3.1/gcc_64/lib/pkgconfig/Qt6QuickDialogs2Utils.pc
2022-09-08 08:46:59,754 - aqt.updater - INFO - updater 140041852936192 Patching /home/fisker/opt/spacecreatorenv6/Qt/6.3.1/gcc_64/lib/pkgconfig/Qt6Help.pc
2022-09-08 08:46:59,754 - aqt.updater - INFO - updater 140041852936192 Patching /home/fisker/opt/spacecreatorenv6/Qt/6.3.1/gcc_64/lib/pkgconfig/Qt6QuickWidgets.pc
2022-09-08 08:46:59,754 - aqt.updater - INFO - updater 140041852936192 Patching /home/fisker/opt/spacecreatorenv6/Qt/6.3.1/gcc_64/lib/pkgconfig/Qt6QuickDialogs2QuickImpl.pc
2022-09-08 08:46:59,754 - aqt.updater - INFO - updater 140041852936192 Patching /home/fisker/opt/spacecreatorenv6/Qt/6.3.1/gcc_64/lib/pkgconfig/Qt6QuickLayouts.pc
2022-09-08 08:46:59,754 - aqt.updater - INFO - updater 140041852936192 Patching /home/fisker/opt/spacecreatorenv6/Qt/6.3.1/gcc_64/lib/pkgconfig/Qt6DBus.pc
2022-09-08 08:46:59,754 - aqt.updater - INFO - updater 140041852936192 Patching /home/fisker/opt/spacecreatorenv6/Qt/6.3.1/gcc_64/lib/pkgconfig/Qt6LabsSharedImage.pc
2022-09-08 08:46:59,754 - aqt.updater - INFO - updater 140041852936192 Patching /home/fisker/opt/spacecreatorenv6/Qt/6.3.1/gcc_64/lib/pkgconfig/Qt6LabsFolderListModel.pc
2022-09-08 08:46:59,754 - aqt.updater - INFO - updater 140041852936192 Patching /home/fisker/opt/spacecreatorenv6/Qt/6.3.1/gcc_64/lib/pkgconfig/Qt6Widgets.pc
2022-09-08 08:46:59,754 - aqt.updater - INFO - updater 140041852936192 Patching /home/fisker/opt/spacecreatorenv6/Qt/6.3.1/gcc_64/lib/pkgconfig/Qt6QmlIntegration.pc
2022-09-08 08:46:59,754 - aqt.updater - INFO - updater 140041852936192 Patching /home/fisker/opt/spacecreatorenv6/Qt/6.3.1/gcc_64/lib/pkgconfig/Qt6Platform.pc
2022-09-08 08:46:59,754 - aqt.updater - INFO - updater 140041852936192 Patching /home/fisker/opt/spacecreatorenv6/Qt/6.3.1/gcc_64/lib/pkgconfig/Qt6QuickTemplates2.pc
2022-09-08 08:46:59,754 - aqt.updater - INFO - updater 140041852936192 Patching /home/fisker/opt/spacecreatorenv6/Qt/6.3.1/gcc_64/lib/pkgconfig/Qt6QuickTest.pc
2022-09-08 08:46:59,754 - aqt.updater - INFO - updater 140041852936192 Patching /home/fisker/opt/spacecreatorenv6/Qt/6.3.1/gcc_64/lib/pkgconfig/Qt6QmlModels.pc
2022-09-08 08:46:59,755 - aqt.updater - INFO - updater 140041852936192 Patching /home/fisker/opt/spacecreatorenv6/Qt/6.3.1/gcc_64/lib/pkgconfig/Qt6WaylandClient.pc
2022-09-08 08:46:59,755 - aqt.updater - INFO - updater 140041852936192 Patching /home/fisker/opt/spacecreatorenv6/Qt/6.3.1/gcc_64/lib/pkgconfig/Qt6SvgWidgets.pc
2022-09-08 08:46:59,755 - aqt.updater - INFO - updater 140041852936192 Patching /home/fisker/opt/spacecreatorenv6/Qt/6.3.1/gcc_64/lib/pkgconfig/Qt6Xml.pc
2022-09-08 08:46:59,755 - aqt.updater - INFO - updater 140041852936192 Patching /home/fisker/opt/spacecreatorenv6/Qt/6.3.1/gcc_64/lib/pkgconfig/Qt6QmlWorkerScript.pc
2022-09-08 08:46:59,755 - aqt.updater - INFO - updater 140041852936192 Patching /home/fisker/opt/spacecreatorenv6/Qt/6.3.1/gcc_64/lib/pkgconfig/Qt6Linguist.pc
2022-09-08 08:46:59,755 - aqt.updater - INFO - updater 140041852936192 Patching /home/fisker/opt/spacecreatorenv6/Qt/6.3.1/gcc_64/lib/pkgconfig/Qt6LabsAnimation.pc
2022-09-08 08:46:59,755 - aqt.updater - INFO - updater 140041852936192 Patching /home/fisker/opt/spacecreatorenv6/Qt/6.3.1/gcc_64/lib/pkgconfig/Qt6QmlXmlListModel.pc
2022-09-08 08:46:59,755 - aqt.updater - INFO - updater 140041852936192 Patching /home/fisker/opt/spacecreatorenv6/Qt/6.3.1/gcc_64/lib/pkgconfig/Qt6QuickControls2Impl.pc
2022-09-08 08:46:59,755 - aqt.updater - INFO - updater 140041852936192 Patching /home/fisker/opt/spacecreatorenv6/Qt/6.3.1/gcc_64/lib/pkgconfig/Qt6OpenGLWidgets.pc
2022-09-08 08:46:59,755 - aqt.updater - INFO - updater 140041852936192 Patching /home/fisker/opt/spacecreatorenv6/Qt/6.3.1/gcc_64/lib/pkgconfig/Qt6Qml.pc
2022-09-08 08:46:59,755 - aqt.updater - INFO - updater 140041852936192 Patching /home/fisker/opt/spacecreatorenv6/Qt/6.3.1/gcc_64/lib/pkgconfig/Qt6LabsSettings.pc
2022-09-08 08:46:59,755 - aqt.updater - INFO - updater 140041852936192 Patching /home/fisker/opt/spacecreatorenv6/Qt/6.3.1/gcc_64/lib/pkgconfig/Qt6UiTools.pc
2022-09-08 08:46:59,755 - aqt.updater - INFO - updater 140041852936192 Patching /home/fisker/opt/spacecreatorenv6/Qt/6.3.1/gcc_64/lib/pkgconfig/Qt6Quick.pc
2022-09-08 08:46:59,755 - aqt.updater - INFO - updater 140041852936192 Patching /home/fisker/opt/spacecreatorenv6/Qt/6.3.1/gcc_64/lib/pkgconfig/Qt6Network.pc
2022-09-08 08:46:59,756 - aqt.updater - INFO - updater 140041852936192 Patching /home/fisker/opt/spacecreatorenv6/Qt/6.3.1/gcc_64/lib/pkgconfig/Qt6Svg.pc
2022-09-08 08:46:59,756 - aqt.updater - INFO - updater 140041852936192 Patching /home/fisker/opt/spacecreatorenv6/Qt/6.3.1/gcc_64/lib/pkgconfig/Qt6Sql.pc
2022-09-08 08:46:59,756 - aqt.updater - INFO - updater 140041852936192 Patching /home/fisker/opt/spacecreatorenv6/Qt/6.3.1/gcc_64/lib/pkgconfig/Qt6LabsWavefrontMesh.pc
2022-09-08 08:46:59,756 - aqt.updater - INFO - updater 140041852936192 Patching /home/fisker/opt/spacecreatorenv6/Qt/6.3.1/gcc_64/lib/pkgconfig/Qt6Concurrent.pc
2022-09-08 08:46:59,756 - aqt.updater - INFO - updater 140041852936192 Patching /home/fisker/opt/spacecreatorenv6/Qt/6.3.1/gcc_64/lib/pkgconfig/Qt6OpenGL.pc
2022-09-08 08:46:59,756 - aqt.updater - INFO - updater 140041852936192 Patching /home/fisker/opt/spacecreatorenv6/Qt/6.3.1/gcc_64/lib/pkgconfig/Qt6QmlLocalStorage.pc
2022-09-08 08:46:59,756 - aqt.updater - INFO - updater 140041852936192 Patching /home/fisker/opt/spacecreatorenv6/Qt/6.3.1/gcc_64/lib/pkgconfig/Qt6WebSockets.pc
2022-09-08 08:46:59,756 - aqt.main - INFO - installer 140041852936192 Finished installation
2022-09-08 08:46:59,756 - aqt.main - INFO - installer 140041852936192 Time elapsed: 6.71725060 second
2022-09-08 08:58:48,943 - aqt.main - INFO - installer 140087446609920 aqtinstall(aqt) v2.1.0 on Python 3.10.4 [CPython GCC 11.2.0]
2022-09-08 08:58:48,944 - aqt.helper - DEBUG - helper 140087446609920 Attempt to download checksum at https://download.qt.io/online/qtsdkrepository/linux_x64/desktop/qt5_5121/Updates.xml.sha256
2022-09-08 08:58:49,429 - aqt.helper - DEBUG - helper 140686032453632 Attempt to download checksum at https://download.qt.io/online/qtsdkrepository/linux_x64/desktop/qt5_5121/qt.qt5.5121.gcc_64/5.12.1-0-201901300517qtbase-Linux-RHEL_7_4-GCC-Linux-RHEL_7_4-X86_64.7z.sha256
2022-09-08 08:58:49,429 - aqt.helper - DEBUG - helper 140001922203648 Attempt to download checksum at https://download.qt.io/online/qtsdkrepository/linux_x64/desktop/qt5_5121/qt.qt5.5121.gcc_64/5.12.1-0-201901300517qtx11extras-Linux-RHEL_7_4-GCC-Linux-RHEL_7_4-X86_64.7z.sha256
2022-09-08 08:58:49,436 - aqt.helper - DEBUG - helper 140469935607808 Attempt to download checksum at https://download.qt.io/online/qtsdkrepository/linux_x64/desktop/qt5_5121/qt.qt5.5121.gcc_64/5.12.1-0-201901300517qtgraphicaleffects-Linux-RHEL_7_4-GCC-Linux-RHEL_7_4-X86_64.7z.sha256
2022-09-08 08:58:49,436 - aqt.helper - DEBUG - helper 140033502457856 Attempt to download checksum at https://download.qt.io/online/qtsdkrepository/linux_x64/desktop/qt5_5121/qt.qt5.5121.gcc_64/5.12.1-0-201901300517qtmultimedia-Linux-RHEL_7_4-GCC-Linux-RHEL_7_4-X86_64.7z.sha256
2022-09-08 08:58:49,572 - aqt.helper - INFO - helper 140001922203648 Downloading qtx11extras...
2022-09-08 08:58:49,572 - aqt.helper - INFO - helper 140686032453632 Downloading qtbase...
2022-09-08 08:58:49,573 - aqt.installer - DEBUG - installer 140001922203648 Download URL: https://download.qt.io/online/qtsdkrepository/linux_x64/desktop/qt5_5121/qt.qt5.5121.gcc_64/5.12.1-0-201901300517qtx11extras-Linux-RHEL_7_4-GCC-Linux-RHEL_7_4-X86_64.7z
2022-09-08 08:58:49,577 - aqt.helper - INFO - helper 140469935607808 Downloading qtgraphicaleffects...
2022-09-08 08:58:49,573 - aqt.installer - DEBUG - installer 140686032453632 Download URL: https://download.qt.io/online/qtsdkrepository/linux_x64/desktop/qt5_5121/qt.qt5.5121.gcc_64/5.12.1-0-201901300517qtbase-Linux-RHEL_7_4-GCC-Linux-RHEL_7_4-X86_64.7z
2022-09-08 08:58:49,578 - aqt.installer - DEBUG - installer 140469935607808 Download URL: https://download.qt.io/online/qtsdkrepository/linux_x64/desktop/qt5_5121/qt.qt5.5121.gcc_64/5.12.1-0-201901300517qtgraphicaleffects-Linux-RHEL_7_4-GCC-Linux-RHEL_7_4-X86_64.7z
2022-09-08 08:58:49,582 - aqt.helper - INFO - helper 140033502457856 Downloading qtmultimedia...
2022-09-08 08:58:49,582 - aqt.installer - DEBUG - installer 140033502457856 Download URL: https://download.qt.io/online/qtsdkrepository/linux_x64/desktop/qt5_5121/qt.qt5.5121.gcc_64/5.12.1-0-201901300517qtmultimedia-Linux-RHEL_7_4-GCC-Linux-RHEL_7_4-X86_64.7z
2022-09-08 08:58:49,727 - aqt.helper - DEBUG - helper 140469935607808 Asked to redirect(302) to: https://mirrors.dotsrc.org/qtproject/online/qtsdkrepository/linux_x64/desktop/qt5_5121/qt.qt5.5121.gcc_64/5.12.1-0-201901300517qtgraphicaleffects-Linux-RHEL_7_4-GCC-Linux-RHEL_7_4-X86_64.7z
2022-09-08 08:58:49,727 - aqt.helper - INFO - helper 140469935607808 Redirected: mirrors.dotsrc.org
2022-09-08 08:58:49,729 - aqt.helper - DEBUG - helper 140033502457856 Asked to redirect(302) to: https://mirrors.dotsrc.org/qtproject/online/qtsdkrepository/linux_x64/desktop/qt5_5121/qt.qt5.5121.gcc_64/5.12.1-0-201901300517qtmultimedia-Linux-RHEL_7_4-GCC-Linux-RHEL_7_4-X86_64.7z
2022-09-08 08:58:49,729 - aqt.helper - INFO - helper 140033502457856 Redirected: mirrors.dotsrc.org
2022-09-08 08:58:49,731 - aqt.helper - DEBUG - helper 140686032453632 Asked to redirect(302) to: https://mirrors.dotsrc.org/qtproject/online/qtsdkrepository/linux_x64/desktop/qt5_5121/qt.qt5.5121.gcc_64/5.12.1-0-201901300517qtbase-Linux-RHEL_7_4-GCC-Linux-RHEL_7_4-X86_64.7z
2022-09-08 08:58:49,731 - aqt.helper - INFO - helper 140686032453632 Redirected: mirrors.dotsrc.org
2022-09-08 08:58:49,731 - aqt.helper - DEBUG - helper 140001922203648 Asked to redirect(302) to: https://mirrors.dotsrc.org/qtproject/online/qtsdkrepository/linux_x64/desktop/qt5_5121/qt.qt5.5121.gcc_64/5.12.1-0-201901300517qtx11extras-Linux-RHEL_7_4-GCC-Linux-RHEL_7_4-X86_64.7z
2022-09-08 08:58:49,731 - aqt.helper - INFO - helper 140001922203648 Redirected: mirrors.dotsrc.org
2022-09-08 08:58:49,878 - aqt.installer - INFO - installer 140001922203648 Finished installation of qtx11extras-Linux-RHEL_7_4-GCC-Linux-RHEL_7_4-X86_64.7z in 0.45064634
2022-09-08 08:58:49,883 - aqt.helper - DEBUG - helper 140001922203648 Attempt to download checksum at https://download.qt.io/online/qtsdkrepository/linux_x64/desktop/qt5_5121/qt.qt5.5121.gcc_64/5.12.1-0-201901300517qtwebchannel-Linux-RHEL_7_4-GCC-Linux-RHEL_7_4-X86_64.7z.sha256
2022-09-08 08:58:49,894 - aqt.installer - INFO - installer 140469935607808 Finished installation of qtgraphicaleffects-Linux-RHEL_7_4-GCC-Linux-RHEL_7_4-X86_64.7z in 0.45907001
2022-09-08 08:58:49,898 - aqt.helper - DEBUG - helper 140469935607808 Attempt to download checksum at https://download.qt.io/online/qtsdkrepository/linux_x64/desktop/qt5_5121/qt.qt5.5121.gcc_64/5.12.1-0-201901300517qtsvg-Linux-RHEL_7_4-GCC-Linux-RHEL_7_4-X86_64.7z.sha256
2022-09-08 08:58:50,020 - aqt.helper - INFO - helper 140001922203648 Downloading qtwebchannel...
2022-09-08 08:58:50,020 - aqt.installer - DEBUG - installer 140001922203648 Download URL: https://download.qt.io/online/qtsdkrepository/linux_x64/desktop/qt5_5121/qt.qt5.5121.gcc_64/5.12.1-0-201901300517qtwebchannel-Linux-RHEL_7_4-GCC-Linux-RHEL_7_4-X86_64.7z
2022-09-08 08:58:50,039 - aqt.helper - INFO - helper 140469935607808 Downloading qtsvg...
2022-09-08 08:58:50,039 - aqt.installer - DEBUG - installer 140469935607808 Download URL: https://download.qt.io/online/qtsdkrepository/linux_x64/desktop/qt5_5121/qt.qt5.5121.gcc_64/5.12.1-0-201901300517qtsvg-Linux-RHEL_7_4-GCC-Linux-RHEL_7_4-X86_64.7z
2022-09-08 08:58:50,072 - aqt.installer - INFO - installer 140033502457856 Finished installation of qtmultimedia-Linux-RHEL_7_4-GCC-Linux-RHEL_7_4-X86_64.7z in 0.63777238
2022-09-08 08:58:50,077 - aqt.helper - DEBUG - helper 140033502457856 Attempt to download checksum at https://download.qt.io/online/qtsdkrepository/linux_x64/desktop/qt5_5121/qt.qt5.5121.gcc_64/5.12.1-0-201901300517qttranslations-Linux-RHEL_7_4-GCC-Linux-RHEL_7_4-X86_64.7z.sha256
2022-09-08 08:58:50,161 - aqt.helper - DEBUG - helper 140001922203648 Asked to redirect(302) to: https://mirrors.dotsrc.org/qtproject/online/qtsdkrepository/linux_x64/desktop/qt5_5121/qt.qt5.5121.gcc_64/5.12.1-0-201901300517qtwebchannel-Linux-RHEL_7_4-GCC-Linux-RHEL_7_4-X86_64.7z
2022-09-08 08:58:50,161 - aqt.helper - INFO - helper 140001922203648 Redirected: mirrors.dotsrc.org
2022-09-08 08:58:50,181 - aqt.helper - DEBUG - helper 140469935607808 Asked to redirect(302) to: https://mirrors.dotsrc.org/qtproject/online/qtsdkrepository/linux_x64/desktop/qt5_5121/qt.qt5.5121.gcc_64/5.12.1-0-201901300517qtsvg-Linux-RHEL_7_4-GCC-Linux-RHEL_7_4-X86_64.7z
2022-09-08 08:58:50,181 - aqt.helper - INFO - helper 140469935607808 Redirected: mirrors.dotsrc.org
2022-09-08 08:58:50,216 - aqt.helper - INFO - helper 140033502457856 Downloading qttranslations...
2022-09-08 08:58:50,216 - aqt.installer - DEBUG - installer 140033502457856 Download URL: https://download.qt.io/online/qtsdkrepository/linux_x64/desktop/qt5_5121/qt.qt5.5121.gcc_64/5.12.1-0-201901300517qttranslations-Linux-RHEL_7_4-GCC-Linux-RHEL_7_4-X86_64.7z
2022-09-08 08:58:50,306 - aqt.installer - INFO - installer 140001922203648 Finished installation of qtwebchannel-Linux-RHEL_7_4-GCC-Linux-RHEL_7_4-X86_64.7z in 0.42317017
2022-09-08 08:58:50,312 - aqt.helper - DEBUG - helper 140001922203648 Attempt to download checksum at https://download.qt.io/online/qtsdkrepository/linux_x64/desktop/qt5_5121/qt.qt5.5121.gcc_64/5.12.1-0-201901300517qtdeclarative-Linux-RHEL_7_4-GCC-Linux-RHEL_7_4-X86_64.7z.sha256
2022-09-08 08:58:50,350 - aqt.helper - DEBUG - helper 140033502457856 Asked to redirect(302) to: https://mirrors.dotsrc.org/qtproject/online/qtsdkrepository/linux_x64/desktop/qt5_5121/qt.qt5.5121.gcc_64/5.12.1-0-201901300517qttranslations-Linux-RHEL_7_4-GCC-Linux-RHEL_7_4-X86_64.7z
2022-09-08 08:58:50,350 - aqt.helper - INFO - helper 140033502457856 Redirected: mirrors.dotsrc.org
2022-09-08 08:58:50,366 - aqt.installer - INFO - installer 140469935607808 Finished installation of qtsvg-Linux-RHEL_7_4-GCC-Linux-RHEL_7_4-X86_64.7z in 0.46824200
2022-09-08 08:58:50,378 - aqt.helper - DEBUG - helper 140469935607808 Attempt to download checksum at https://download.qt.io/online/qtsdkrepository/linux_x64/desktop/qt5_5121/qt.qt5.5121.gcc_64/5.12.1-0-201901300517qtimageformats-Linux-RHEL_7_4-GCC-Linux-RHEL_7_4-X86_64.7z.sha256
2022-09-08 08:58:50,446 - aqt.helper - INFO - helper 140001922203648 Downloading qtdeclarative...
2022-09-08 08:58:50,446 - aqt.installer - DEBUG - installer 140001922203648 Download URL: https://download.qt.io/online/qtsdkrepository/linux_x64/desktop/qt5_5121/qt.qt5.5121.gcc_64/5.12.1-0-201901300517qtdeclarative-Linux-RHEL_7_4-GCC-Linux-RHEL_7_4-X86_64.7z
2022-09-08 08:58:50,507 - aqt.helper - INFO - helper 140469935607808 Downloading qtimageformats...
2022-09-08 08:58:50,507 - aqt.installer - DEBUG - installer 140469935607808 Download URL: https://download.qt.io/online/qtsdkrepository/linux_x64/desktop/qt5_5121/qt.qt5.5121.gcc_64/5.12.1-0-201901300517qtimageformats-Linux-RHEL_7_4-GCC-Linux-RHEL_7_4-X86_64.7z
2022-09-08 08:58:50,589 - aqt.helper - DEBUG - helper 140001922203648 Asked to redirect(302) to: https://mirrors.dotsrc.org/qtproject/online/qtsdkrepository/linux_x64/desktop/qt5_5121/qt.qt5.5121.gcc_64/5.12.1-0-201901300517qtdeclarative-Linux-RHEL_7_4-GCC-Linux-RHEL_7_4-X86_64.7z
2022-09-08 08:58:50,589 - aqt.helper - INFO - helper 140001922203648 Redirected: mirrors.dotsrc.org
2022-09-08 08:58:50,661 - aqt.helper - DEBUG - helper 140469935607808 Asked to redirect(302) to: https://mirrors.dotsrc.org/qtproject/online/qtsdkrepository/linux_x64/desktop/qt5_5121/qt.qt5.5121.gcc_64/5.12.1-0-201901300517qtimageformats-Linux-RHEL_7_4-GCC-Linux-RHEL_7_4-X86_64.7z
2022-09-08 08:58:50,661 - aqt.helper - INFO - helper 140469935607808 Redirected: mirrors.dotsrc.org
2022-09-08 08:58:50,685 - aqt.installer - INFO - installer 140033502457856 Finished installation of qttranslations-Linux-RHEL_7_4-GCC-Linux-RHEL_7_4-X86_64.7z in 0.60956740
2022-09-08 08:58:50,692 - aqt.helper - DEBUG - helper 140033502457856 Attempt to download checksum at https://download.qt.io/online/qtsdkrepository/linux_x64/desktop/qt5_5121/qt.qt5.5121.gcc_64/5.12.1-0-201901300517qtxmlpatterns-Linux-RHEL_7_4-GCC-Linux-RHEL_7_4-X86_64.7z.sha256
2022-09-08 08:58:50,835 - aqt.helper - INFO - helper 140033502457856 Downloading qtxmlpatterns...
2022-09-08 08:58:50,835 - aqt.installer - DEBUG - installer 140033502457856 Download URL: https://download.qt.io/online/qtsdkrepository/linux_x64/desktop/qt5_5121/qt.qt5.5121.gcc_64/5.12.1-0-201901300517qtxmlpatterns-Linux-RHEL_7_4-GCC-Linux-RHEL_7_4-X86_64.7z
2022-09-08 08:58:50,897 - aqt.installer - INFO - installer 140469935607808 Finished installation of qtimageformats-Linux-RHEL_7_4-GCC-Linux-RHEL_7_4-X86_64.7z in 0.52216380
2022-09-08 08:58:50,902 - aqt.helper - DEBUG - helper 140469935607808 Attempt to download checksum at https://download.qt.io/online/qtsdkrepository/linux_x64/desktop/qt5_5121/qt.qt5.5121.gcc_64/5.12.1-0-201901300517qttools-Linux-RHEL_7_4-GCC-Linux-RHEL_7_4-X86_64.7z.sha256
2022-09-08 08:58:50,964 - aqt.helper - DEBUG - helper 140033502457856 Asked to redirect(302) to: https://mirrors.dotsrc.org/qtproject/online/qtsdkrepository/linux_x64/desktop/qt5_5121/qt.qt5.5121.gcc_64/5.12.1-0-201901300517qtxmlpatterns-Linux-RHEL_7_4-GCC-Linux-RHEL_7_4-X86_64.7z
2022-09-08 08:58:50,964 - aqt.helper - INFO - helper 140033502457856 Redirected: mirrors.dotsrc.org
2022-09-08 08:58:51,043 - aqt.helper - INFO - helper 140469935607808 Downloading qttools...
2022-09-08 08:58:51,043 - aqt.installer - DEBUG - installer 140469935607808 Download URL: https://download.qt.io/online/qtsdkrepository/linux_x64/desktop/qt5_5121/qt.qt5.5121.gcc_64/5.12.1-0-201901300517qttools-Linux-RHEL_7_4-GCC-Linux-RHEL_7_4-X86_64.7z
2022-09-08 08:58:51,190 - aqt.helper - DEBUG - helper 140469935607808 Asked to redirect(302) to: https://mirrors.dotsrc.org/qtproject/online/qtsdkrepository/linux_x64/desktop/qt5_5121/qt.qt5.5121.gcc_64/5.12.1-0-201901300517qttools-Linux-RHEL_7_4-GCC-Linux-RHEL_7_4-X86_64.7z
2022-09-08 08:58:51,190 - aqt.helper - INFO - helper 140469935607808 Redirected: mirrors.dotsrc.org
2022-09-08 08:58:51,307 - aqt.installer - INFO - installer 140033502457856 Finished installation of qtxmlpatterns-Linux-RHEL_7_4-GCC-Linux-RHEL_7_4-X86_64.7z in 0.61655188
2022-09-08 08:58:51,311 - aqt.helper - DEBUG - helper 140033502457856 Attempt to download checksum at https://download.qt.io/online/qtsdkrepository/linux_x64/desktop/qt5_5121/qt.qt5.5121.gcc_64/5.12.1-0-201901300517qtsensors-Linux-RHEL_7_4-GCC-Linux-RHEL_7_4-X86_64.7z.sha256
2022-09-08 08:58:51,452 - aqt.helper - INFO - helper 140033502457856 Downloading qtsensors...
2022-09-08 08:58:51,453 - aqt.installer - DEBUG - installer 140033502457856 Download URL: https://download.qt.io/online/qtsdkrepository/linux_x64/desktop/qt5_5121/qt.qt5.5121.gcc_64/5.12.1-0-201901300517qtsensors-Linux-RHEL_7_4-GCC-Linux-RHEL_7_4-X86_64.7z
2022-09-08 08:58:51,593 - aqt.helper - DEBUG - helper 140033502457856 Asked to redirect(302) to: https://mirrors.dotsrc.org/qtproject/online/qtsdkrepository/linux_x64/desktop/qt5_5121/qt.qt5.5121.gcc_64/5.12.1-0-201901300517qtsensors-Linux-RHEL_7_4-GCC-Linux-RHEL_7_4-X86_64.7z
2022-09-08 08:58:51,593 - aqt.helper - INFO - helper 140033502457856 Redirected: mirrors.dotsrc.org
2022-09-08 08:58:51,778 - aqt.installer - INFO - installer 140033502457856 Finished installation of qtsensors-Linux-RHEL_7_4-GCC-Linux-RHEL_7_4-X86_64.7z in 0.46755353
2022-09-08 08:58:51,784 - aqt.helper - DEBUG - helper 140033502457856 Attempt to download checksum at https://download.qt.io/online/qtsdkrepository/linux_x64/desktop/qt5_5121/qt.qt5.5121.gcc_64/5.12.1-0-201901300517qtserialport-Linux-RHEL_7_4-GCC-Linux-RHEL_7_4-X86_64.7z.sha256
2022-09-08 08:58:51,928 - aqt.helper - INFO - helper 140033502457856 Downloading qtserialport...
2022-09-08 08:58:51,928 - aqt.installer - DEBUG - installer 140033502457856 Download URL: https://download.qt.io/online/qtsdkrepository/linux_x64/desktop/qt5_5121/qt.qt5.5121.gcc_64/5.12.1-0-201901300517qtserialport-Linux-RHEL_7_4-GCC-Linux-RHEL_7_4-X86_64.7z
2022-09-08 08:58:52,064 - aqt.helper - DEBUG - helper 140033502457856 Asked to redirect(302) to: https://mirrors.dotsrc.org/qtproject/online/qtsdkrepository/linux_x64/desktop/qt5_5121/qt.qt5.5121.gcc_64/5.12.1-0-201901300517qtserialport-Linux-RHEL_7_4-GCC-Linux-RHEL_7_4-X86_64.7z
2022-09-08 08:58:52,064 - aqt.helper - INFO - helper 140033502457856 Redirected: mirrors.dotsrc.org
2022-09-08 08:58:52,071 - aqt.installer - INFO - installer 140001922203648 Finished installation of qtdeclarative-Linux-RHEL_7_4-GCC-Linux-RHEL_7_4-X86_64.7z in 1.76006245
2022-09-08 08:58:52,076 - aqt.helper - DEBUG - helper 140001922203648 Attempt to download checksum at https://download.qt.io/online/qtsdkrepository/linux_x64/desktop/qt5_5121/qt.qt5.5121.gcc_64/5.12.1-0-201901300517qtwebsockets-Linux-RHEL_7_4-GCC-Linux-RHEL_7_4-X86_64.7z.sha256
2022-09-08 08:58:52,216 - aqt.helper - INFO - helper 140001922203648 Downloading qtwebsockets...
2022-09-08 08:58:52,216 - aqt.installer - DEBUG - installer 140001922203648 Download URL: https://download.qt.io/online/qtsdkrepository/linux_x64/desktop/qt5_5121/qt.qt5.5121.gcc_64/5.12.1-0-201901300517qtwebsockets-Linux-RHEL_7_4-GCC-Linux-RHEL_7_4-X86_64.7z
2022-09-08 08:58:52,254 - aqt.installer - INFO - installer 140033502457856 Finished installation of qtserialport-Linux-RHEL_7_4-GCC-Linux-RHEL_7_4-X86_64.7z in 0.47129839
2022-09-08 08:58:52,259 - aqt.helper - DEBUG - helper 140033502457856 Attempt to download checksum at https://download.qt.io/online/qtsdkrepository/linux_x64/desktop/qt5_5121/qt.qt5.5121.gcc_64/5.12.1-0-201901300517qtlocation-Linux-RHEL_7_4-GCC-Linux-RHEL_7_4-X86_64.7z.sha256
2022-09-08 08:58:52,350 - aqt.helper - DEBUG - helper 140001922203648 Asked to redirect(302) to: https://mirrors.dotsrc.org/qtproject/online/qtsdkrepository/linux_x64/desktop/qt5_5121/qt.qt5.5121.gcc_64/5.12.1-0-201901300517qtwebsockets-Linux-RHEL_7_4-GCC-Linux-RHEL_7_4-X86_64.7z
2022-09-08 08:58:52,350 - aqt.helper - INFO - helper 140001922203648 Redirected: mirrors.dotsrc.org
2022-09-08 08:58:52,393 - aqt.helper - INFO - helper 140033502457856 Downloading qtlocation...
2022-09-08 08:58:52,393 - aqt.installer - DEBUG - installer 140033502457856 Download URL: https://download.qt.io/online/qtsdkrepository/linux_x64/desktop/qt5_5121/qt.qt5.5121.gcc_64/5.12.1-0-201901300517qtlocation-Linux-RHEL_7_4-GCC-Linux-RHEL_7_4-X86_64.7z
2022-09-08 08:58:52,513 - aqt.installer - INFO - installer 140001922203648 Finished installation of qtwebsockets-Linux-RHEL_7_4-GCC-Linux-RHEL_7_4-X86_64.7z in 0.43793638
2022-09-08 08:58:52,518 - aqt.helper - DEBUG - helper 140001922203648 Attempt to download checksum at https://download.qt.io/online/qtsdkrepository/linux_x64/desktop/qt5_5121/qt.qt5.5121.gcc_64/5.12.1-0-201901300517qtquickcontrols-Linux-RHEL_7_4-GCC-Linux-RHEL_7_4-X86_64.7z.sha256
2022-09-08 08:58:52,534 - aqt.helper - DEBUG - helper 140033502457856 Asked to redirect(302) to: https://mirrors.dotsrc.org/qtproject/online/qtsdkrepository/linux_x64/desktop/qt5_5121/qt.qt5.5121.gcc_64/5.12.1-0-201901300517qtlocation-Linux-RHEL_7_4-GCC-Linux-RHEL_7_4-X86_64.7z
2022-09-08 08:58:52,534 - aqt.helper - INFO - helper 140033502457856 Redirected: mirrors.dotsrc.org
2022-09-08 08:58:52,653 - aqt.helper - INFO - helper 140001922203648 Downloading qtquickcontrols...
2022-09-08 08:58:52,654 - aqt.installer - DEBUG - installer 140001922203648 Download URL: https://download.qt.io/online/qtsdkrepository/linux_x64/desktop/qt5_5121/qt.qt5.5121.gcc_64/5.12.1-0-201901300517qtquickcontrols-Linux-RHEL_7_4-GCC-Linux-RHEL_7_4-X86_64.7z
2022-09-08 08:58:52,798 - aqt.helper - DEBUG - helper 140001922203648 Asked to redirect(302) to: https://mirrors.dotsrc.org/qtproject/online/qtsdkrepository/linux_x64/desktop/qt5_5121/qt.qt5.5121.gcc_64/5.12.1-0-201901300517qtquickcontrols-Linux-RHEL_7_4-GCC-Linux-RHEL_7_4-X86_64.7z
2022-09-08 08:58:52,798 - aqt.helper - INFO - helper 140001922203648 Redirected: mirrors.dotsrc.org
2022-09-08 08:58:52,993 - aqt.installer - INFO - installer 140033502457856 Finished installation of qtlocation-Linux-RHEL_7_4-GCC-Linux-RHEL_7_4-X86_64.7z in 0.73489850
2022-09-08 08:58:52,999 - aqt.helper - DEBUG - helper 140033502457856 Attempt to download checksum at https://download.qt.io/online/qtsdkrepository/linux_x64/desktop/qt5_5121/qt.qt5.5121.gcc_64/5.12.1-0-201901300517qt3d-Linux-RHEL_7_4-GCC-Linux-RHEL_7_4-X86_64.7z.sha256
2022-09-08 08:58:53,077 - aqt.installer - INFO - installer 140001922203648 Finished installation of qtquickcontrols-Linux-RHEL_7_4-GCC-Linux-RHEL_7_4-X86_64.7z in 0.55995997
2022-09-08 08:58:53,082 - aqt.helper - DEBUG - helper 140001922203648 Attempt to download checksum at https://download.qt.io/online/qtsdkrepository/linux_x64/desktop/qt5_5121/qt.qt5.5121.gcc_64/5.12.1-0-201901300517qtquickcontrols2-Linux-RHEL_7_4-GCC-Linux-RHEL_7_4-X86_64.7z.sha256
2022-09-08 08:58:53,149 - aqt.helper - INFO - helper 140033502457856 Downloading qt3d...
2022-09-08 08:58:53,149 - aqt.installer - DEBUG - installer 140033502457856 Download URL: https://download.qt.io/online/qtsdkrepository/linux_x64/desktop/qt5_5121/qt.qt5.5121.gcc_64/5.12.1-0-201901300517qt3d-Linux-RHEL_7_4-GCC-Linux-RHEL_7_4-X86_64.7z
2022-09-08 08:58:53,220 - aqt.helper - INFO - helper 140001922203648 Downloading qtquickcontrols2...
2022-09-08 08:58:53,220 - aqt.installer - DEBUG - installer 140001922203648 Download URL: https://download.qt.io/online/qtsdkrepository/linux_x64/desktop/qt5_5121/qt.qt5.5121.gcc_64/5.12.1-0-201901300517qtquickcontrols2-Linux-RHEL_7_4-GCC-Linux-RHEL_7_4-X86_64.7z
2022-09-08 08:58:53,287 - aqt.helper - DEBUG - helper 140033502457856 Asked to redirect(302) to: https://mirrors.dotsrc.org/qtproject/online/qtsdkrepository/linux_x64/desktop/qt5_5121/qt.qt5.5121.gcc_64/5.12.1-0-201901300517qt3d-Linux-RHEL_7_4-GCC-Linux-RHEL_7_4-X86_64.7z
2022-09-08 08:58:53,287 - aqt.helper - INFO - helper 140033502457856 Redirected: mirrors.dotsrc.org
2022-09-08 08:58:53,350 - aqt.helper - DEBUG - helper 140001922203648 Asked to redirect(302) to: https://mirrors.dotsrc.org/qtproject/online/qtsdkrepository/linux_x64/desktop/qt5_5121/qt.qt5.5121.gcc_64/5.12.1-0-201901300517qtquickcontrols2-Linux-RHEL_7_4-GCC-Linux-RHEL_7_4-X86_64.7z
2022-09-08 08:58:53,350 - aqt.helper - INFO - helper 140001922203648 Redirected: mirrors.dotsrc.org
2022-09-08 08:58:53,728 - aqt.installer - INFO - installer 140001922203648 Finished installation of qtquickcontrols2-Linux-RHEL_7_4-GCC-Linux-RHEL_7_4-X86_64.7z in 0.64648860
2022-09-08 08:58:53,734 - aqt.helper - DEBUG - helper 140001922203648 Attempt to download checksum at https://download.qt.io/online/qtsdkrepository/linux_x64/desktop/qt5_5121/qt.qt5.5121.gcc_64/5.12.1-0-201901300517qtwebview-Linux-RHEL_7_4-GCC-Linux-RHEL_7_4-X86_64.7z.sha256
2022-09-08 08:58:53,864 - aqt.helper - INFO - helper 140001922203648 Downloading qtwebview...
2022-09-08 08:58:53,865 - aqt.installer - DEBUG - installer 140001922203648 Download URL: https://download.qt.io/online/qtsdkrepository/linux_x64/desktop/qt5_5121/qt.qt5.5121.gcc_64/5.12.1-0-201901300517qtwebview-Linux-RHEL_7_4-GCC-Linux-RHEL_7_4-X86_64.7z
2022-09-08 08:58:54,009 - aqt.helper - DEBUG - helper 140001922203648 Asked to redirect(302) to: https://mirrors.dotsrc.org/qtproject/online/qtsdkrepository/linux_x64/desktop/qt5_5121/qt.qt5.5121.gcc_64/5.12.1-0-201901300517qtwebview-Linux-RHEL_7_4-GCC-Linux-RHEL_7_4-X86_64.7z
2022-09-08 08:58:54,009 - aqt.helper - INFO - helper 140001922203648 Redirected: mirrors.dotsrc.org
2022-09-08 08:58:54,168 - aqt.installer - INFO - installer 140001922203648 Finished installation of qtwebview-Linux-RHEL_7_4-GCC-Linux-RHEL_7_4-X86_64.7z in 0.43562476
2022-09-08 08:58:54,173 - aqt.helper - DEBUG - helper 140001922203648 Attempt to download checksum at https://download.qt.io/online/qtsdkrepository/linux_x64/desktop/qt5_5121/qt.qt5.5121.gcc_64/5.12.1-0-201901300517qtserialbus-Linux-RHEL_7_4-GCC-Linux-RHEL_7_4-X86_64.7z.sha256
2022-09-08 08:58:54,192 - aqt.installer - INFO - installer 140686032453632 Finished installation of qtbase-Linux-RHEL_7_4-GCC-Linux-RHEL_7_4-X86_64.7z in 4.76424826
2022-09-08 08:58:54,197 - aqt.helper - DEBUG - helper 140686032453632 Attempt to download checksum at https://download.qt.io/online/qtsdkrepository/linux_x64/desktop/qt5_5121/qt.qt5.5121.gcc_64/5.12.1-0-201901300517qtconnectivity-Linux-RHEL_7_4-GCC-Linux-RHEL_7_4-X86_64.7z.sha256
2022-09-08 08:58:54,313 - aqt.helper - INFO - helper 140001922203648 Downloading qtserialbus...
2022-09-08 08:58:54,313 - aqt.installer - DEBUG - installer 140001922203648 Download URL: https://download.qt.io/online/qtsdkrepository/linux_x64/desktop/qt5_5121/qt.qt5.5121.gcc_64/5.12.1-0-201901300517qtserialbus-Linux-RHEL_7_4-GCC-Linux-RHEL_7_4-X86_64.7z
2022-09-08 08:58:54,337 - aqt.helper - INFO - helper 140686032453632 Downloading qtconnectivity...
2022-09-08 08:58:54,337 - aqt.installer - DEBUG - installer 140686032453632 Download URL: https://download.qt.io/online/qtsdkrepository/linux_x64/desktop/qt5_5121/qt.qt5.5121.gcc_64/5.12.1-0-201901300517qtconnectivity-Linux-RHEL_7_4-GCC-Linux-RHEL_7_4-X86_64.7z
2022-09-08 08:58:54,448 - aqt.helper - DEBUG - helper 140001922203648 Asked to redirect(302) to: https://mirrors.dotsrc.org/qtproject/online/qtsdkrepository/linux_x64/desktop/qt5_5121/qt.qt5.5121.gcc_64/5.12.1-0-201901300517qtserialbus-Linux-RHEL_7_4-GCC-Linux-RHEL_7_4-X86_64.7z
2022-09-08 08:58:54,448 - aqt.helper - INFO - helper 140001922203648 Redirected: mirrors.dotsrc.org
2022-09-08 08:58:54,469 - aqt.helper - DEBUG - helper 140686032453632 Asked to redirect(302) to: https://mirrors.dotsrc.org/qtproject/online/qtsdkrepository/linux_x64/desktop/qt5_5121/qt.qt5.5121.gcc_64/5.12.1-0-201901300517qtconnectivity-Linux-RHEL_7_4-GCC-Linux-RHEL_7_4-X86_64.7z
2022-09-08 08:58:54,469 - aqt.helper - INFO - helper 140686032453632 Redirected: mirrors.dotsrc.org
2022-09-08 08:58:54,663 - aqt.installer - INFO - installer 140001922203648 Finished installation of qtserialbus-Linux-RHEL_7_4-GCC-Linux-RHEL_7_4-X86_64.7z in 0.49102683
2022-09-08 08:58:54,697 - aqt.installer - INFO - installer 140686032453632 Finished installation of qtconnectivity-Linux-RHEL_7_4-GCC-Linux-RHEL_7_4-X86_64.7z in 0.50069428
2022-09-08 08:58:54,704 - aqt.helper - DEBUG - helper 140686032453632 Attempt to download checksum at https://download.qt.io/online/qtsdkrepository/linux_x64/desktop/qt5_5121/qt.qt5.5121.gcc_64/5.12.1-0-201901300517qtscxml-Linux-RHEL_7_4-GCC-Linux-RHEL_7_4-X86_64.7z.sha256
2022-09-08 08:58:54,829 - aqt.helper - DEBUG - helper 139913830424576 Attempt to download checksum at https://download.qt.io/online/qtsdkrepository/linux_x64/desktop/qt5_5121/qt.qt5.5121.gcc_64/5.12.1-0-201901300517qtspeech-Linux-RHEL_7_4-GCC-Linux-RHEL_7_4-X86_64.7z.sha256
2022-09-08 08:58:54,837 - aqt.helper - INFO - helper 140686032453632 Downloading qtscxml...
2022-09-08 08:58:54,837 - aqt.installer - DEBUG - installer 140686032453632 Download URL: https://download.qt.io/online/qtsdkrepository/linux_x64/desktop/qt5_5121/qt.qt5.5121.gcc_64/5.12.1-0-201901300517qtscxml-Linux-RHEL_7_4-GCC-Linux-RHEL_7_4-X86_64.7z
2022-09-08 08:58:54,961 - aqt.helper - INFO - helper 139913830424576 Downloading qtspeech...
2022-09-08 08:58:54,961 - aqt.installer - DEBUG - installer 139913830424576 Download URL: https://download.qt.io/online/qtsdkrepository/linux_x64/desktop/qt5_5121/qt.qt5.5121.gcc_64/5.12.1-0-201901300517qtspeech-Linux-RHEL_7_4-GCC-Linux-RHEL_7_4-X86_64.7z
2022-09-08 08:58:54,976 - aqt.helper - DEBUG - helper 140686032453632 Asked to redirect(302) to: https://mirrors.dotsrc.org/qtproject/online/qtsdkrepository/linux_x64/desktop/qt5_5121/qt.qt5.5121.gcc_64/5.12.1-0-201901300517qtscxml-Linux-RHEL_7_4-GCC-Linux-RHEL_7_4-X86_64.7z
2022-09-08 08:58:54,976 - aqt.helper - INFO - helper 140686032453632 Redirected: mirrors.dotsrc.org
2022-09-08 08:58:55,105 - aqt.helper - DEBUG - helper 139913830424576 Asked to redirect(302) to: https://mirrors.dotsrc.org/qtproject/online/qtsdkrepository/linux_x64/desktop/qt5_5121/qt.qt5.5121.gcc_64/5.12.1-0-201901300517qtspeech-Linux-RHEL_7_4-GCC-Linux-RHEL_7_4-X86_64.7z
2022-09-08 08:58:55,105 - aqt.helper - INFO - helper 139913830424576 Redirected: mirrors.dotsrc.org
2022-09-08 08:58:55,228 - aqt.installer - INFO - installer 139913830424576 Finished installation of qtspeech-Linux-RHEL_7_4-GCC-Linux-RHEL_7_4-X86_64.7z in 0.39968594
2022-09-08 08:58:55,232 - aqt.helper - DEBUG - helper 139913830424576 Attempt to download checksum at https://download.qt.io/online/qtsdkrepository/linux_x64/desktop/qt5_5121/qt.qt5.5121.gcc_64/5.12.1-0-201901300517qtwayland-Linux-RHEL_7_4-GCC-Linux-RHEL_7_4-X86_64.7z.sha256
2022-09-08 08:58:55,239 - aqt.installer - INFO - installer 140469935607808 Finished installation of qttools-Linux-RHEL_7_4-GCC-Linux-RHEL_7_4-X86_64.7z in 4.33795041
2022-09-08 08:58:55,241 - aqt.installer - INFO - installer 140686032453632 Finished installation of qtscxml-Linux-RHEL_7_4-GCC-Linux-RHEL_7_4-X86_64.7z in 0.53875682
2022-09-08 08:58:55,246 - aqt.helper - DEBUG - helper 140686032453632 Attempt to download checksum at https://download.qt.io/online/qtsdkrepository/linux_x64/desktop/qt5_5121/qt.qt5.5121.gcc_64/5.12.1-0-201901300517qtgamepad-Linux-RHEL_7_4-GCC-Linux-RHEL_7_4-X86_64.7z.sha256
2022-09-08 08:58:55,247 - aqt.helper - DEBUG - helper 140469935607808 Attempt to download checksum at https://download.qt.io/online/qtsdkrepository/linux_x64/desktop/qt5_5121/qt.qt5.5121.gcc_64/5.12.1-0-201901300517qtremoteobjects-Linux-RHEL_7_4-GCC-Linux-RHEL_7_4-X86_64.7z.sha256
2022-09-08 08:58:55,370 - aqt.helper - INFO - helper 139913830424576 Downloading qtwayland...
2022-09-08 08:58:55,370 - aqt.installer - DEBUG - installer 139913830424576 Download URL: https://download.qt.io/online/qtsdkrepository/linux_x64/desktop/qt5_5121/qt.qt5.5121.gcc_64/5.12.1-0-201901300517qtwayland-Linux-RHEL_7_4-GCC-Linux-RHEL_7_4-X86_64.7z
2022-09-08 08:58:55,377 - aqt.helper - INFO - helper 140686032453632 Downloading qtgamepad...
2022-09-08 08:58:55,377 - aqt.installer - DEBUG - installer 140686032453632 Download URL: https://download.qt.io/online/qtsdkrepository/linux_x64/desktop/qt5_5121/qt.qt5.5121.gcc_64/5.12.1-0-201901300517qtgamepad-Linux-RHEL_7_4-GCC-Linux-RHEL_7_4-X86_64.7z
2022-09-08 08:58:55,384 - aqt.helper - INFO - helper 140469935607808 Downloading qtremoteobjects...
2022-09-08 08:58:55,385 - aqt.installer - DEBUG - installer 140469935607808 Download URL: https://download.qt.io/online/qtsdkrepository/linux_x64/desktop/qt5_5121/qt.qt5.5121.gcc_64/5.12.1-0-201901300517qtremoteobjects-Linux-RHEL_7_4-GCC-Linux-RHEL_7_4-X86_64.7z
2022-09-08 08:58:55,500 - aqt.helper - DEBUG - helper 139913830424576 Asked to redirect(302) to: https://mirrors.dotsrc.org/qtproject/online/qtsdkrepository/linux_x64/desktop/qt5_5121/qt.qt5.5121.gcc_64/5.12.1-0-201901300517qtwayland-Linux-RHEL_7_4-GCC-Linux-RHEL_7_4-X86_64.7z
2022-09-08 08:58:55,501 - aqt.helper - INFO - helper 139913830424576 Redirected: mirrors.dotsrc.org
2022-09-08 08:58:55,508 - aqt.helper - DEBUG - helper 140686032453632 Asked to redirect(302) to: https://mirrors.dotsrc.org/qtproject/online/qtsdkrepository/linux_x64/desktop/qt5_5121/qt.qt5.5121.gcc_64/5.12.1-0-201901300517qtgamepad-Linux-RHEL_7_4-GCC-Linux-RHEL_7_4-X86_64.7z
2022-09-08 08:58:55,508 - aqt.helper - INFO - helper 140686032453632 Redirected: mirrors.dotsrc.org
2022-09-08 08:58:55,523 - aqt.helper - DEBUG - helper 140469935607808 Asked to redirect(302) to: https://mirrors.dotsrc.org/qtproject/online/qtsdkrepository/linux_x64/desktop/qt5_5121/qt.qt5.5121.gcc_64/5.12.1-0-201901300517qtremoteobjects-Linux-RHEL_7_4-GCC-Linux-RHEL_7_4-X86_64.7z
2022-09-08 08:58:55,523 - aqt.helper - INFO - helper 140469935607808 Redirected: mirrors.dotsrc.org
2022-09-08 08:58:55,560 - aqt.installer - INFO - installer 140033502457856 Finished installation of qt3d-Linux-RHEL_7_4-GCC-Linux-RHEL_7_4-X86_64.7z in 2.56252758
2022-09-08 08:58:55,565 - aqt.helper - DEBUG - helper 140033502457856 Attempt to download checksum at https://download.qt.io/online/qtsdkrepository/linux_x64/desktop/qt5_5121/qt.qt5.5121.gcc_64/5.12.1-0-201901300517qtcanvas3d-Linux-RHEL_7_4-GCC-Linux-RHEL_7_4-X86_64.7z.sha256
2022-09-08 08:58:55,642 - aqt.installer - INFO - installer 140686032453632 Finished installation of qtgamepad-Linux-RHEL_7_4-GCC-Linux-RHEL_7_4-X86_64.7z in 0.39680187
2022-09-08 08:58:55,701 - aqt.helper - INFO - helper 140033502457856 Downloading qtcanvas3d...
2022-09-08 08:58:55,702 - aqt.installer - DEBUG - installer 140033502457856 Download URL: https://download.qt.io/online/qtsdkrepository/linux_x64/desktop/qt5_5121/qt.qt5.5121.gcc_64/5.12.1-0-201901300517qtcanvas3d-Linux-RHEL_7_4-GCC-Linux-RHEL_7_4-X86_64.7z
2022-09-08 08:58:55,812 - aqt.installer - INFO - installer 139913830424576 Finished installation of qtwayland-Linux-RHEL_7_4-GCC-Linux-RHEL_7_4-X86_64.7z in 0.58060640
2022-09-08 08:58:55,843 - aqt.helper - DEBUG - helper 140033502457856 Asked to redirect(302) to: https://mirrors.dotsrc.org/qtproject/online/qtsdkrepository/linux_x64/desktop/qt5_5121/qt.qt5.5121.gcc_64/5.12.1-0-201901300517qtcanvas3d-Linux-RHEL_7_4-GCC-Linux-RHEL_7_4-X86_64.7z
2022-09-08 08:58:55,844 - aqt.helper - INFO - helper 140033502457856 Redirected: mirrors.dotsrc.org
2022-09-08 08:58:55,885 - aqt.installer - INFO - installer 140469935607808 Finished installation of qtremoteobjects-Linux-RHEL_7_4-GCC-Linux-RHEL_7_4-X86_64.7z in 0.63917616
2022-09-08 08:58:55,890 - aqt.helper - DEBUG - helper 140469935607808 Attempt to download checksum at https://download.qt.io/online/qtsdkrepository/linux_x64/desktop/qt5_5121/qt.qt5.5121.gcc_64/5.12.1-0-201901300517icu-linux-Rhel7.2-x64.7z.sha256
2022-09-08 08:58:56,006 - aqt.installer - INFO - installer 140033502457856 Finished installation of qtcanvas3d-Linux-RHEL_7_4-GCC-Linux-RHEL_7_4-X86_64.7z in 0.44191807
2022-09-08 08:58:56,032 - aqt.helper - INFO - helper 140469935607808 Downloading icu...
2022-09-08 08:58:56,032 - aqt.installer - DEBUG - installer 140469935607808 Download URL: https://download.qt.io/online/qtsdkrepository/linux_x64/desktop/qt5_5121/qt.qt5.5121.gcc_64/5.12.1-0-201901300517icu-linux-Rhel7.2-x64.7z
2022-09-08 08:58:56,165 - aqt.helper - DEBUG - helper 140469935607808 Asked to redirect(302) to: https://mirrors.dotsrc.org/qtproject/online/qtsdkrepository/linux_x64/desktop/qt5_5121/qt.qt5.5121.gcc_64/5.12.1-0-201901300517icu-linux-Rhel7.2-x64.7z
2022-09-08 08:58:56,165 - aqt.helper - INFO - helper 140469935607808 Redirected: mirrors.dotsrc.org
2022-09-08 08:58:56,972 - aqt.installer - INFO - installer 140469935607808 Finished installation of icu-linux-Rhel7.2-x64.7z in 1.08302481
2022-09-08 08:58:57,017 - aqt.updater - INFO - updater 140087446609920 Patching /home/fisker/opt/spacecreatorenv5/Qt/5.12.1/gcc_64/bin/qmake
2022-09-08 08:58:57,157 - aqt.updater - INFO - updater 140087446609920 Patching /home/fisker/opt/spacecreatorenv5/Qt/5.12.1/gcc_64/lib/pkgconfig/Qt5QuickControls2.pc
2022-09-08 08:58:57,157 - aqt.updater - INFO - updater 140087446609920 Patching /home/fisker/opt/spacecreatorenv5/Qt/5.12.1/gcc_64/lib/pkgconfig/Qt5QuickWidgets.pc
2022-09-08 08:58:57,157 - aqt.updater - INFO - updater 140087446609920 Patching /home/fisker/opt/spacecreatorenv5/Qt/5.12.1/gcc_64/lib/pkgconfig/Qt5WebView.pc
2022-09-08 08:58:57,157 - aqt.updater - INFO - updater 140087446609920 Patching /home/fisker/opt/spacecreatorenv5/Qt/5.12.1/gcc_64/lib/pkgconfig/Qt5XmlPatterns.pc
2022-09-08 08:58:57,158 - aqt.updater - INFO - updater 140087446609920 Patching /home/fisker/opt/spacecreatorenv5/Qt/5.12.1/gcc_64/lib/pkgconfig/Qt53DQuick.pc
2022-09-08 08:58:57,158 - aqt.updater - INFO - updater 140087446609920 Patching /home/fisker/opt/spacecreatorenv5/Qt/5.12.1/gcc_64/lib/pkgconfig/Qt53DQuickInput.pc
2022-09-08 08:58:57,158 - aqt.updater - INFO - updater 140087446609920 Patching /home/fisker/opt/spacecreatorenv5/Qt/5.12.1/gcc_64/lib/pkgconfig/Qt5SerialBus.pc
2022-09-08 08:58:57,158 - aqt.updater - INFO - updater 140087446609920 Patching /home/fisker/opt/spacecreatorenv5/Qt/5.12.1/gcc_64/lib/pkgconfig/Qt5QuickTest.pc
2022-09-08 08:58:57,158 - aqt.updater - INFO - updater 140087446609920 Patching /home/fisker/opt/spacecreatorenv5/Qt/5.12.1/gcc_64/lib/pkgconfig/Qt5Quick.pc
2022-09-08 08:58:57,158 - aqt.updater - INFO - updater 140087446609920 Patching /home/fisker/opt/spacecreatorenv5/Qt/5.12.1/gcc_64/lib/pkgconfig/Qt5Sensors.pc
2022-09-08 08:58:57,158 - aqt.updater - INFO - updater 140087446609920 Patching /home/fisker/opt/spacecreatorenv5/Qt/5.12.1/gcc_64/lib/pkgconfig/Qt5Concurrent.pc
2022-09-08 08:58:57,158 - aqt.updater - INFO - updater 140087446609920 Patching /home/fisker/opt/spacecreatorenv5/Qt/5.12.1/gcc_64/lib/pkgconfig/Qt53DQuickRender.pc
2022-09-08 08:58:57,158 - aqt.updater - INFO - updater 140087446609920 Patching /home/fisker/opt/spacecreatorenv5/Qt/5.12.1/gcc_64/lib/pkgconfig/Qt5Network.pc
2022-09-08 08:58:57,158 - aqt.updater - INFO - updater 140087446609920 Patching /home/fisker/opt/spacecreatorenv5/Qt/5.12.1/gcc_64/lib/pkgconfig/Qt53DExtras.pc
2022-09-08 08:58:57,158 - aqt.updater - INFO - updater 140087446609920 Patching /home/fisker/opt/spacecreatorenv5/Qt/5.12.1/gcc_64/lib/pkgconfig/Qt5WaylandClient.pc
2022-09-08 08:58:57,158 - aqt.updater - INFO - updater 140087446609920 Patching /home/fisker/opt/spacecreatorenv5/Qt/5.12.1/gcc_64/lib/pkgconfig/Qt5OpenGLExtensions.pc
2022-09-08 08:58:57,158 - aqt.updater - INFO - updater 140087446609920 Patching /home/fisker/opt/spacecreatorenv5/Qt/5.12.1/gcc_64/lib/pkgconfig/Qt5Multimedia.pc
2022-09-08 08:58:57,158 - aqt.updater - INFO - updater 140087446609920 Patching /home/fisker/opt/spacecreatorenv5/Qt/5.12.1/gcc_64/lib/pkgconfig/Qt53DQuickScene2D.pc
2022-09-08 08:58:57,158 - aqt.updater - INFO - updater 140087446609920 Patching /home/fisker/opt/spacecreatorenv5/Qt/5.12.1/gcc_64/lib/pkgconfig/Qt53DAnimation.pc
2022-09-08 08:58:57,158 - aqt.updater - INFO - updater 140087446609920 Patching /home/fisker/opt/spacecreatorenv5/Qt/5.12.1/gcc_64/lib/pkgconfig/Qt5Xml.pc
2022-09-08 08:58:57,158 - aqt.updater - INFO - updater 140087446609920 Patching /home/fisker/opt/spacecreatorenv5/Qt/5.12.1/gcc_64/lib/pkgconfig/Qt53DInput.pc
2022-09-08 08:58:57,158 - aqt.updater - INFO - updater 140087446609920 Patching /home/fisker/opt/spacecreatorenv5/Qt/5.12.1/gcc_64/lib/pkgconfig/Qt53DRender.pc
2022-09-08 08:58:57,158 - aqt.updater - INFO - updater 140087446609920 Patching /home/fisker/opt/spacecreatorenv5/Qt/5.12.1/gcc_64/lib/pkgconfig/Qt5RemoteObjects.pc
2022-09-08 08:58:57,159 - aqt.updater - INFO - updater 140087446609920 Patching /home/fisker/opt/spacecreatorenv5/Qt/5.12.1/gcc_64/lib/pkgconfig/Qt5UiTools.pc
2022-09-08 08:58:57,159 - aqt.updater - INFO - updater 140087446609920 Patching /home/fisker/opt/spacecreatorenv5/Qt/5.12.1/gcc_64/lib/pkgconfig/Qt5Nfc.pc
2022-09-08 08:58:57,159 - aqt.updater - INFO - updater 140087446609920 Patching /home/fisker/opt/spacecreatorenv5/Qt/5.12.1/gcc_64/lib/pkgconfig/Qt53DLogic.pc
2022-09-08 08:58:57,159 - aqt.updater - INFO - updater 140087446609920 Patching /home/fisker/opt/spacecreatorenv5/Qt/5.12.1/gcc_64/lib/pkgconfig/Qt5Scxml.pc
2022-09-08 08:58:57,159 - aqt.updater - INFO - updater 140087446609920 Patching /home/fisker/opt/spacecreatorenv5/Qt/5.12.1/gcc_64/lib/pkgconfig/Qt5PositioningQuick.pc
2022-09-08 08:58:57,159 - aqt.updater - INFO - updater 140087446609920 Patching /home/fisker/opt/spacecreatorenv5/Qt/5.12.1/gcc_64/lib/pkgconfig/Qt5SerialPort.pc
2022-09-08 08:58:57,159 - aqt.updater - INFO - updater 140087446609920 Patching /home/fisker/opt/spacecreatorenv5/Qt/5.12.1/gcc_64/lib/pkgconfig/Qt5Positioning.pc
2022-09-08 08:58:57,159 - aqt.updater - INFO - updater 140087446609920 Patching /home/fisker/opt/spacecreatorenv5/Qt/5.12.1/gcc_64/lib/pkgconfig/Qt5Gamepad.pc
2022-09-08 08:58:57,159 - aqt.updater - INFO - updater 140087446609920 Patching /home/fisker/opt/spacecreatorenv5/Qt/5.12.1/gcc_64/lib/pkgconfig/Qt53DCore.pc
2022-09-08 08:58:57,159 - aqt.updater - INFO - updater 140087446609920 Patching /home/fisker/opt/spacecreatorenv5/Qt/5.12.1/gcc_64/lib/pkgconfig/Qt5WebSockets.pc
2022-09-08 08:58:57,159 - aqt.updater - INFO - updater 140087446609920 Patching /home/fisker/opt/spacecreatorenv5/Qt/5.12.1/gcc_64/lib/pkgconfig/Qt53DQuickAnimation.pc
2022-09-08 08:58:57,159 - aqt.updater - INFO - updater 140087446609920 Patching /home/fisker/opt/spacecreatorenv5/Qt/5.12.1/gcc_64/lib/pkgconfig/Qt5Core.pc
2022-09-08 08:58:57,159 - aqt.updater - INFO - updater 140087446609920 Patching /home/fisker/opt/spacecreatorenv5/Qt/5.12.1/gcc_64/lib/pkgconfig/Qt5X11Extras.pc
2022-09-08 08:58:57,159 - aqt.updater - INFO - updater 140087446609920 Patching /home/fisker/opt/spacecreatorenv5/Qt/5.12.1/gcc_64/lib/pkgconfig/Qt5Help.pc
2022-09-08 08:58:57,159 - aqt.updater - INFO - updater 140087446609920 Patching /home/fisker/opt/spacecreatorenv5/Qt/5.12.1/gcc_64/lib/pkgconfig/Qt5PrintSupport.pc
2022-09-08 08:58:57,159 - aqt.updater - INFO - updater 140087446609920 Patching /home/fisker/opt/spacecreatorenv5/Qt/5.12.1/gcc_64/lib/pkgconfig/Qt5Test.pc
2022-09-08 08:58:57,159 - aqt.updater - INFO - updater 140087446609920 Patching /home/fisker/opt/spacecreatorenv5/Qt/5.12.1/gcc_64/lib/pkgconfig/Qt5Designer.pc
2022-09-08 08:58:57,159 - aqt.updater - INFO - updater 140087446609920 Patching /home/fisker/opt/spacecreatorenv5/Qt/5.12.1/gcc_64/lib/pkgconfig/Qt5Svg.pc
2022-09-08 08:58:57,160 - aqt.updater - INFO - updater 140087446609920 Patching /home/fisker/opt/spacecreatorenv5/Qt/5.12.1/gcc_64/lib/pkgconfig/Qt5MultimediaWidgets.pc
2022-09-08 08:58:57,160 - aqt.updater - INFO - updater 140087446609920 Patching /home/fisker/opt/spacecreatorenv5/Qt/5.12.1/gcc_64/lib/pkgconfig/Qt5OpenGL.pc
2022-09-08 08:58:57,160 - aqt.updater - INFO - updater 140087446609920 Patching /home/fisker/opt/spacecreatorenv5/Qt/5.12.1/gcc_64/lib/pkgconfig/Qt5DBus.pc
2022-09-08 08:58:57,160 - aqt.updater - INFO - updater 140087446609920 Patching /home/fisker/opt/spacecreatorenv5/Qt/5.12.1/gcc_64/lib/pkgconfig/Qt5TextToSpeech.pc
2022-09-08 08:58:57,160 - aqt.updater - INFO - updater 140087446609920 Patching /home/fisker/opt/spacecreatorenv5/Qt/5.12.1/gcc_64/lib/pkgconfig/Qt5Sql.pc
2022-09-08 08:58:57,160 - aqt.updater - INFO - updater 140087446609920 Patching /home/fisker/opt/spacecreatorenv5/Qt/5.12.1/gcc_64/lib/pkgconfig/Qt5Bluetooth.pc
2022-09-08 08:58:57,160 - aqt.updater - INFO - updater 140087446609920 Patching /home/fisker/opt/spacecreatorenv5/Qt/5.12.1/gcc_64/lib/pkgconfig/Qt5WebChannel.pc
2022-09-08 08:58:57,160 - aqt.updater - INFO - updater 140087446609920 Patching /home/fisker/opt/spacecreatorenv5/Qt/5.12.1/gcc_64/lib/pkgconfig/Qt5Location.pc
2022-09-08 08:58:57,160 - aqt.updater - INFO - updater 140087446609920 Patching /home/fisker/opt/spacecreatorenv5/Qt/5.12.1/gcc_64/lib/pkgconfig/Qt5Gui.pc
2022-09-08 08:58:57,160 - aqt.updater - INFO - updater 140087446609920 Patching /home/fisker/opt/spacecreatorenv5/Qt/5.12.1/gcc_64/lib/pkgconfig/Qt53DQuickExtras.pc
2022-09-08 08:58:57,160 - aqt.updater - INFO - updater 140087446609920 Patching /home/fisker/opt/spacecreatorenv5/Qt/5.12.1/gcc_64/lib/pkgconfig/Qt5Widgets.pc
2022-09-08 08:58:57,160 - aqt.updater - INFO - updater 140087446609920 Patching /home/fisker/opt/spacecreatorenv5/Qt/5.12.1/gcc_64/lib/pkgconfig/Qt5Qml.pc
2022-09-08 08:58:57,160 - aqt.updater - INFO - updater 140087446609920 Patching /home/fisker/opt/spacecreatorenv5/Qt/5.12.1/gcc_64/lib/pkgconfig/Qt5WaylandCompositor.pc
2022-09-08 08:58:57,161 - aqt.updater - INFO - updater 140087446609920 Patching /home/fisker/opt/spacecreatorenv5/Qt/5.12.1/gcc_64/lib/libQt5KmsSupport.la
2022-09-08 08:58:57,161 - aqt.updater - INFO - updater 140087446609920 Patching /home/fisker/opt/spacecreatorenv5/Qt/5.12.1/gcc_64/lib/libQt5EdidSupport.la
2022-09-08 08:58:57,161 - aqt.updater - INFO - updater 140087446609920 Patching /home/fisker/opt/spacecreatorenv5/Qt/5.12.1/gcc_64/lib/libQt5Help.la
2022-09-08 08:58:57,161 - aqt.updater - INFO - updater 140087446609920 Patching /home/fisker/opt/spacecreatorenv5/Qt/5.12.1/gcc_64/lib/libQt5InputSupport.la
2022-09-08 08:58:57,161 - aqt.updater - INFO - updater 140087446609920 Patching /home/fisker/opt/spacecreatorenv5/Qt/5.12.1/gcc_64/lib/libQt5QuickParticles.la
2022-09-08 08:58:57,161 - aqt.updater - INFO - updater 140087446609920 Patching /home/fisker/opt/spacecreatorenv5/Qt/5.12.1/gcc_64/lib/libQt5OpenGLExtensions.la
2022-09-08 08:58:57,161 - aqt.updater - INFO - updater 140087446609920 Patching /home/fisker/opt/spacecreatorenv5/Qt/5.12.1/gcc_64/lib/libQt5WaylandCompositor.la
2022-09-08 08:58:57,162 - aqt.updater - INFO - updater 140087446609920 Patching /home/fisker/opt/spacecreatorenv5/Qt/5.12.1/gcc_64/lib/libQt5Scxml.la
2022-09-08 08:58:57,162 - aqt.updater - INFO - updater 140087446609920 Patching /home/fisker/opt/spacecreatorenv5/Qt/5.12.1/gcc_64/lib/libQt5QuickWidgets.la
2022-09-08 08:58:57,162 - aqt.updater - INFO - updater 140087446609920 Patching /home/fisker/opt/spacecreatorenv5/Qt/5.12.1/gcc_64/lib/libQt5Sensors.la
2022-09-08 08:58:57,162 - aqt.updater - INFO - updater 140087446609920 Patching /home/fisker/opt/spacecreatorenv5/Qt/5.12.1/gcc_64/lib/libQt5SerialBus.la
2022-09-08 08:58:57,162 - aqt.updater - INFO - updater 140087446609920 Patching /home/fisker/opt/spacecreatorenv5/Qt/5.12.1/gcc_64/lib/libQt5Qml.la
2022-09-08 08:58:57,162 - aqt.updater - INFO - updater 140087446609920 Patching /home/fisker/opt/spacecreatorenv5/Qt/5.12.1/gcc_64/lib/libQt53DCore.la
2022-09-08 08:58:57,162 - aqt.updater - INFO - updater 140087446609920 Patching /home/fisker/opt/spacecreatorenv5/Qt/5.12.1/gcc_64/lib/libQt53DInput.la
2022-09-08 08:58:57,163 - aqt.updater - INFO - updater 140087446609920 Patching /home/fisker/opt/spacecreatorenv5/Qt/5.12.1/gcc_64/lib/libQt53DExtras.la
2022-09-08 08:58:57,163 - aqt.updater - INFO - updater 140087446609920 Patching /home/fisker/opt/spacecreatorenv5/Qt/5.12.1/gcc_64/lib/libQt5QuickTemplates2.la
2022-09-08 08:58:57,163 - aqt.updater - INFO - updater 140087446609920 Patching /home/fisker/opt/spacecreatorenv5/Qt/5.12.1/gcc_64/lib/libQt5QuickShapes.la
2022-09-08 08:58:57,163 - aqt.updater - INFO - updater 140087446609920 Patching /home/fisker/opt/spacecreatorenv5/Qt/5.12.1/gcc_64/lib/libQt5DesignerComponents.la
2022-09-08 08:58:57,163 - aqt.updater - INFO - updater 140087446609920 Patching /home/fisker/opt/spacecreatorenv5/Qt/5.12.1/gcc_64/lib/libQt5XcbQpa.la
2022-09-08 08:58:57,163 - aqt.updater - INFO - updater 140087446609920 Patching /home/fisker/opt/spacecreatorenv5/Qt/5.12.1/gcc_64/lib/libQt5DBus.la
2022-09-08 08:58:57,163 - aqt.updater - INFO - updater 140087446609920 Patching /home/fisker/opt/spacecreatorenv5/Qt/5.12.1/gcc_64/lib/libQt5Multimedia.la
2022-09-08 08:58:57,164 - aqt.updater - INFO - updater 140087446609920 Patching /home/fisker/opt/spacecreatorenv5/Qt/5.12.1/gcc_64/lib/libQt5Bootstrap.la
2022-09-08 08:58:57,164 - aqt.updater - INFO - updater 140087446609920 Patching /home/fisker/opt/spacecreatorenv5/Qt/5.12.1/gcc_64/lib/libQt5LinuxAccessibilitySupport.la
2022-09-08 08:58:57,164 - aqt.updater - INFO - updater 140087446609920 Patching /home/fisker/opt/spacecreatorenv5/Qt/5.12.1/gcc_64/lib/libQt5FontDatabaseSupport.la
2022-09-08 08:58:57,164 - aqt.updater - INFO - updater 140087446609920 Patching /home/fisker/opt/spacecreatorenv5/Qt/5.12.1/gcc_64/lib/libQt53DLogic.la
2022-09-08 08:58:57,164 - aqt.updater - INFO - updater 140087446609920 Patching /home/fisker/opt/spacecreatorenv5/Qt/5.12.1/gcc_64/lib/libQt5Core.la
2022-09-08 08:58:57,164 - aqt.updater - INFO - updater 140087446609920 Patching /home/fisker/opt/spacecreatorenv5/Qt/5.12.1/gcc_64/lib/libQt5SerialPort.la
2022-09-08 08:58:57,164 - aqt.updater - INFO - updater 140087446609920 Patching /home/fisker/opt/spacecreatorenv5/Qt/5.12.1/gcc_64/lib/libQt5Location.la
2022-09-08 08:58:57,164 - aqt.updater - INFO - updater 140087446609920 Patching /home/fisker/opt/spacecreatorenv5/Qt/5.12.1/gcc_64/lib/libQt5PlatformCompositorSupport.la
2022-09-08 08:58:57,165 - aqt.updater - INFO - updater 140087446609920 Patching /home/fisker/opt/spacecreatorenv5/Qt/5.12.1/gcc_64/lib/libQt5AccessibilitySupport.la
2022-09-08 08:58:57,165 - aqt.updater - INFO - updater 140087446609920 Patching /home/fisker/opt/spacecreatorenv5/Qt/5.12.1/gcc_64/lib/libQt5EventDispatcherSupport.la
2022-09-08 08:58:57,165 - aqt.updater - INFO - updater 140087446609920 Patching /home/fisker/opt/spacecreatorenv5/Qt/5.12.1/gcc_64/lib/libQt5PacketProtocol.la
2022-09-08 08:58:57,165 - aqt.updater - INFO - updater 140087446609920 Patching /home/fisker/opt/spacecreatorenv5/Qt/5.12.1/gcc_64/lib/libQt5QuickControls2.la
2022-09-08 08:58:57,165 - aqt.updater - INFO - updater 140087446609920 Patching /home/fisker/opt/spacecreatorenv5/Qt/5.12.1/gcc_64/lib/libQt53DQuickScene2D.la
2022-09-08 08:58:57,165 - aqt.updater - INFO - updater 140087446609920 Patching /home/fisker/opt/spacecreatorenv5/Qt/5.12.1/gcc_64/lib/libQt5MultimediaQuick.la
2022-09-08 08:58:57,165 - aqt.updater - INFO - updater 140087446609920 Patching /home/fisker/opt/spacecreatorenv5/Qt/5.12.1/gcc_64/lib/libQt5PrintSupport.la
2022-09-08 08:58:57,166 - aqt.updater - INFO - updater 140087446609920 Patching /home/fisker/opt/spacecreatorenv5/Qt/5.12.1/gcc_64/lib/libQt53DQuickInput.la
2022-09-08 08:58:57,166 - aqt.updater - INFO - updater 140087446609920 Patching /home/fisker/opt/spacecreatorenv5/Qt/5.12.1/gcc_64/lib/libQt5EglFSDeviceIntegration.la
2022-09-08 08:58:57,166 - aqt.updater - INFO - updater 140087446609920 Patching /home/fisker/opt/spacecreatorenv5/Qt/5.12.1/gcc_64/lib/libQt5Network.la
2022-09-08 08:58:57,166 - aqt.updater - INFO - updater 140087446609920 Patching /home/fisker/opt/spacecreatorenv5/Qt/5.12.1/gcc_64/lib/libQt5MultimediaWidgets.la
2022-09-08 08:58:57,166 - aqt.updater - INFO - updater 140087446609920 Patching /home/fisker/opt/spacecreatorenv5/Qt/5.12.1/gcc_64/lib/libQt5Nfc.la
2022-09-08 08:58:57,166 - aqt.updater - INFO - updater 140087446609920 Patching /home/fisker/opt/spacecreatorenv5/Qt/5.12.1/gcc_64/lib/libQt5QmlDevTools.la
2022-09-08 08:58:57,166 - aqt.updater - INFO - updater 140087446609920 Patching /home/fisker/opt/spacecreatorenv5/Qt/5.12.1/gcc_64/lib/libQt5MultimediaGstTools.la
2022-09-08 08:58:57,167 - aqt.updater - INFO - updater 140087446609920 Patching /home/fisker/opt/spacecreatorenv5/Qt/5.12.1/gcc_64/lib/libQt5Designer.la
2022-09-08 08:58:57,167 - aqt.updater - INFO - updater 140087446609920 Patching /home/fisker/opt/spacecreatorenv5/Qt/5.12.1/gcc_64/lib/libQt5Widgets.la
2022-09-08 08:58:57,167 - aqt.updater - INFO - updater 140087446609920 Patching /home/fisker/opt/spacecreatorenv5/Qt/5.12.1/gcc_64/lib/libQt5WebSockets.la
2022-09-08 08:58:57,167 - aqt.updater - INFO - updater 140087446609920 Patching /home/fisker/opt/spacecreatorenv5/Qt/5.12.1/gcc_64/lib/libQt5X11Extras.la
2022-09-08 08:58:57,167 - aqt.updater - INFO - updater 140087446609920 Patching /home/fisker/opt/spacecreatorenv5/Qt/5.12.1/gcc_64/lib/libQt5UiTools.la
2022-09-08 08:58:57,167 - aqt.updater - INFO - updater 140087446609920 Patching /home/fisker/opt/spacecreatorenv5/Qt/5.12.1/gcc_64/lib/libQt53DQuick.la
2022-09-08 08:58:57,167 - aqt.updater - INFO - updater 140087446609920 Patching /home/fisker/opt/spacecreatorenv5/Qt/5.12.1/gcc_64/lib/libQt53DAnimation.la
2022-09-08 08:58:57,167 - aqt.updater - INFO - updater 140087446609920 Patching /home/fisker/opt/spacecreatorenv5/Qt/5.12.1/gcc_64/lib/libQt5QmlDebug.la
2022-09-08 08:58:57,168 - aqt.updater - INFO - updater 140087446609920 Patching /home/fisker/opt/spacecreatorenv5/Qt/5.12.1/gcc_64/lib/libQt5RemoteObjects.la
2022-09-08 08:58:57,168 - aqt.updater - INFO - updater 140087446609920 Patching /home/fisker/opt/spacecreatorenv5/Qt/5.12.1/gcc_64/lib/libQt5EglSupport.la
2022-09-08 08:58:57,168 - aqt.updater - INFO - updater 140087446609920 Patching /home/fisker/opt/spacecreatorenv5/Qt/5.12.1/gcc_64/lib/libQt5Xml.la
2022-09-08 08:58:57,168 - aqt.updater - INFO - updater 140087446609920 Patching /home/fisker/opt/spacecreatorenv5/Qt/5.12.1/gcc_64/lib/libQt5GlxSupport.la
2022-09-08 08:58:57,168 - aqt.updater - INFO - updater 140087446609920 Patching /home/fisker/opt/spacecreatorenv5/Qt/5.12.1/gcc_64/lib/libQt5Concurrent.la
2022-09-08 08:58:57,168 - aqt.updater - INFO - updater 140087446609920 Patching /home/fisker/opt/spacecreatorenv5/Qt/5.12.1/gcc_64/lib/libQt53DQuickAnimation.la
2022-09-08 08:58:57,168 - aqt.updater - INFO - updater 140087446609920 Patching /home/fisker/opt/spacecreatorenv5/Qt/5.12.1/gcc_64/lib/libQt5WebView.la
2022-09-08 08:58:57,169 - aqt.updater - INFO - updater 140087446609920 Patching /home/fisker/opt/spacecreatorenv5/Qt/5.12.1/gcc_64/lib/libQt5Sql.la
2022-09-08 08:58:57,169 - aqt.updater - INFO - updater 140087446609920 Patching /home/fisker/opt/spacecreatorenv5/Qt/5.12.1/gcc_64/lib/libQt5WaylandClient.la
2022-09-08 08:58:57,169 - aqt.updater - INFO - updater 140087446609920 Patching /home/fisker/opt/spacecreatorenv5/Qt/5.12.1/gcc_64/lib/libQt53DRender.la
2022-09-08 08:58:57,169 - aqt.updater - INFO - updater 140087446609920 Patching /home/fisker/opt/spacecreatorenv5/Qt/5.12.1/gcc_64/lib/libQt5QuickTest.la
2022-09-08 08:58:57,169 - aqt.updater - INFO - updater 140087446609920 Patching /home/fisker/opt/spacecreatorenv5/Qt/5.12.1/gcc_64/lib/libQt5Bluetooth.la
2022-09-08 08:58:57,169 - aqt.updater - INFO - updater 140087446609920 Patching /home/fisker/opt/spacecreatorenv5/Qt/5.12.1/gcc_64/lib/libQt5Gui.la
2022-09-08 08:58:57,169 - aqt.updater - INFO - updater 140087446609920 Patching /home/fisker/opt/spacecreatorenv5/Qt/5.12.1/gcc_64/lib/libQt5Svg.la
2022-09-08 08:58:57,170 - aqt.updater - INFO - updater 140087446609920 Patching /home/fisker/opt/spacecreatorenv5/Qt/5.12.1/gcc_64/lib/libQt5EglFsKmsSupport.la
2022-09-08 08:58:57,170 - aqt.updater - INFO - updater 140087446609920 Patching /home/fisker/opt/spacecreatorenv5/Qt/5.12.1/gcc_64/lib/libQt5Positioning.la
2022-09-08 08:58:57,170 - aqt.updater - INFO - updater 140087446609920 Patching /home/fisker/opt/spacecreatorenv5/Qt/5.12.1/gcc_64/lib/libQt5OpenGL.la
2022-09-08 08:58:57,170 - aqt.updater - INFO - updater 140087446609920 Patching /home/fisker/opt/spacecreatorenv5/Qt/5.12.1/gcc_64/lib/libQt5ThemeSupport.la
2022-09-08 08:58:57,170 - aqt.updater - INFO - updater 140087446609920 Patching /home/fisker/opt/spacecreatorenv5/Qt/5.12.1/gcc_64/lib/libQt5Gamepad.la
2022-09-08 08:58:57,170 - aqt.updater - INFO - updater 140087446609920 Patching /home/fisker/opt/spacecreatorenv5/Qt/5.12.1/gcc_64/lib/libQt53DQuickExtras.la
2022-09-08 08:58:57,170 - aqt.updater - INFO - updater 140087446609920 Patching /home/fisker/opt/spacecreatorenv5/Qt/5.12.1/gcc_64/lib/libQt5Quick.la
2022-09-08 08:58:57,170 - aqt.updater - INFO - updater 140087446609920 Patching /home/fisker/opt/spacecreatorenv5/Qt/5.12.1/gcc_64/lib/libQt5DeviceDiscoverySupport.la
2022-09-08 08:58:57,171 - aqt.updater - INFO - updater 140087446609920 Patching /home/fisker/opt/spacecreatorenv5/Qt/5.12.1/gcc_64/lib/libQt53DQuickRender.la
2022-09-08 08:58:57,171 - aqt.updater - INFO - updater 140087446609920 Patching /home/fisker/opt/spacecreatorenv5/Qt/5.12.1/gcc_64/lib/libQt5PositioningQuick.la
2022-09-08 08:58:57,171 - aqt.updater - INFO - updater 140087446609920 Patching /home/fisker/opt/spacecreatorenv5/Qt/5.12.1/gcc_64/lib/libQt5ServiceSupport.la
2022-09-08 08:58:57,171 - aqt.updater - INFO - updater 140087446609920 Patching /home/fisker/opt/spacecreatorenv5/Qt/5.12.1/gcc_64/lib/libQt5FbSupport.la
2022-09-08 08:58:57,171 - aqt.updater - INFO - updater 140087446609920 Patching /home/fisker/opt/spacecreatorenv5/Qt/5.12.1/gcc_64/lib/libQt5TextToSpeech.la
2022-09-08 08:58:57,171 - aqt.updater - INFO - updater 140087446609920 Patching /home/fisker/opt/spacecreatorenv5/Qt/5.12.1/gcc_64/lib/libQt5Test.la
2022-09-08 08:58:57,171 - aqt.updater - INFO - updater 140087446609920 Patching /home/fisker/opt/spacecreatorenv5/Qt/5.12.1/gcc_64/lib/libQt5XmlPatterns.la
2022-09-08 08:58:57,172 - aqt.updater - INFO - updater 140087446609920 Patching /home/fisker/opt/spacecreatorenv5/Qt/5.12.1/gcc_64/lib/libQt5WebChannel.la
2022-09-08 08:58:57,172 - aqt.updater - INFO - updater 140087446609920 Patching /home/fisker/opt/spacecreatorenv5/Qt/5.12.1/gcc_64/lib/libQt5Core.so.5.12.1
2022-09-08 08:58:57,184 - aqt.main - INFO - installer 140087446609920 Finished installation
2022-09-08 08:58:57,184 - aqt.main - INFO - installer 140087446609920 Time elapsed: 8.24039897 second
